Clock:1
----------------------------------------Status Operacoes----------------------------------------
OP    |Fi    |Fj    |Fk    |issue           |read            |execution       |Write           |
addd  |r1    |r2    |r3    |                |                |       -        |                |

---------------------------Status Unidades funcionais---------------------------
FU     |Busy   |OP     |Fi     |Fj     |Fk     |Qj     |Qk     |Rj     |Rk     |
Integer|False  |       |       |       |       |       |       |True   |True   |
Mult1  |False  |       |       |       |       |       |       |True   |True   |
Mult2  |False  |       |       |       |       |       |       |True   |True   |
Add    |False  |       |       |       |       |       |       |True   |True   |
Divide |False  |       |       |       |       |       |       |True   |True   |

------------------------------------------------Status Registradores-------------------------------------------------
    |R0     |R1     |R2     |R3     |R4     |R5     |R6     |R7     |R8     |R9     |R10    |R11    |R12    |RB     |
UF  |       |       |       |       |       |       |       |       |       |       |       |       |       |       |       |
---------------------------------------------------------------------------------------------------------------------

Clock:2
----------------------------------------Status Operacoes----------------------------------------
OP    |Fi    |Fj    |Fk    |issue           |read            |execution       |Write           |
addd  |r1    |r2    |r3    |2               |                |       -        |                |
subd  |r10   |r12   |r1    |                |                |       -        |                |

---------------------------Status Unidades funcionais---------------------------
FU     |Busy   |OP     |Fi     |Fj     |Fk     |Qj     |Qk     |Rj     |Rk     |
Integer|False  |       |       |       |       |       |       |True   |True   |
Mult1  |False  |       |       |       |       |       |       |True   |True   |
Mult2  |False  |       |       |       |       |       |       |True   |True   |
Add    |True   |addd   |r1     |r2     |r3     |       |       |True   |True   |
Divide |False  |       |       |       |       |       |       |True   |True   |

------------------------------------------------Status Registradores-------------------------------------------------
    |R0     |R1     |R2     |R3     |R4     |R5     |R6     |R7     |R8     |R9     |R10    |R11    |R12    |RB     |
UF  |       |Add    |       |       |       |       |       |       |       |       |       |       |       |       |       |
---------------------------------------------------------------------------------------------------------------------

Clock:3
----------------------------------------Status Operacoes----------------------------------------
OP    |Fi    |Fj    |Fk    |issue           |read            |execution       |Write           |
addd  |r1    |r2    |r3    |2               |3               |       -        |                |
subd  |r10   |r12   |r1    |                |                |       -        |                |

---------------------------Status Unidades funcionais---------------------------
FU     |Busy   |OP     |Fi     |Fj     |Fk     |Qj     |Qk     |Rj     |Rk     |
Integer|False  |       |       |       |       |       |       |True   |True   |
Mult1  |False  |       |       |       |       |       |       |True   |True   |
Mult2  |False  |       |       |       |       |       |       |True   |True   |
Add    |True   |addd   |r1     |r2     |r3     |       |       |False  |False  |
Divide |False  |       |       |       |       |       |       |True   |True   |

------------------------------------------------Status Registradores-------------------------------------------------
    |R0     |R1     |R2     |R3     |R4     |R5     |R6     |R7     |R8     |R9     |R10    |R11    |R12    |RB     |
UF  |       |Add    |       |       |       |       |       |       |       |       |       |       |       |       |       |
---------------------------------------------------------------------------------------------------------------------

Clock:4
----------------------------------------Status Operacoes----------------------------------------
OP    |Fi    |Fj    |Fk    |issue           |read            |execution       |Write           |
addd  |r1    |r2    |r3    |2               |3               |     4 -        |                |
subd  |r10   |r12   |r1    |                |                |       -        |                |

---------------------------Status Unidades funcionais---------------------------
FU     |Busy   |OP     |Fi     |Fj     |Fk     |Qj     |Qk     |Rj     |Rk     |
Integer|False  |       |       |       |       |       |       |True   |True   |
Mult1  |False  |       |       |       |       |       |       |True   |True   |
Mult2  |False  |       |       |       |       |       |       |True   |True   |
Add    |True   |addd   |r1     |r2     |r3     |       |       |False  |False  |
Divide |False  |       |       |       |       |       |       |True   |True   |

------------------------------------------------Status Registradores-------------------------------------------------
    |R0     |R1     |R2     |R3     |R4     |R5     |R6     |R7     |R8     |R9     |R10    |R11    |R12    |RB     |
UF  |       |Add    |       |       |       |       |       |       |       |       |       |       |       |       |       |
---------------------------------------------------------------------------------------------------------------------

Clock:5
----------------------------------------Status Operacoes----------------------------------------
OP    |Fi    |Fj    |Fk    |issue           |read            |execution       |Write           |
addd  |r1    |r2    |r3    |2               |3               |     4 - 5      |                |
subd  |r10   |r12   |r1    |                |                |       -        |                |

---------------------------Status Unidades funcionais---------------------------
FU     |Busy   |OP     |Fi     |Fj     |Fk     |Qj     |Qk     |Rj     |Rk     |
Integer|False  |       |       |       |       |       |       |True   |True   |
Mult1  |False  |       |       |       |       |       |       |True   |True   |
Mult2  |False  |       |       |       |       |       |       |True   |True   |
Add    |True   |addd   |r1     |r2     |r3     |       |       |False  |False  |
Divide |False  |       |       |       |       |       |       |True   |True   |

------------------------------------------------Status Registradores-------------------------------------------------
    |R0     |R1     |R2     |R3     |R4     |R5     |R6     |R7     |R8     |R9     |R10    |R11    |R12    |RB     |
UF  |       |Add    |       |       |       |       |       |       |       |       |       |       |       |       |       |
---------------------------------------------------------------------------------------------------------------------

Clock:6
----------------------------------------Status Operacoes----------------------------------------
OP    |Fi    |Fj    |Fk    |issue           |read            |execution       |Write           |
addd  |r1    |r2    |r3    |2               |3               |     4 - 5      |6               |
subd  |r10   |r12   |r1    |                |                |       -        |                |

---------------------------Status Unidades funcionais---------------------------
FU     |Busy   |OP     |Fi     |Fj     |Fk     |Qj     |Qk     |Rj     |Rk     |
Integer|False  |       |       |       |       |       |       |True   |True   |
Mult1  |False  |       |       |       |       |       |       |True   |True   |
Mult2  |False  |       |       |       |       |       |       |True   |True   |
Add    |False  |       |       |       |       |       |       |True   |True   |
Divide |False  |       |       |       |       |       |       |True   |True   |

------------------------------------------------Status Registradores-------------------------------------------------
    |R0     |R1     |R2     |R3     |R4     |R5     |R6     |R7     |R8     |R9     |R10    |R11    |R12    |RB     |
UF  |       |       |       |       |       |       |       |       |       |       |       |       |       |       |       |
---------------------------------------------------------------------------------------------------------------------

Clock:7
----------------------------------------Status Operacoes----------------------------------------
OP    |Fi    |Fj    |Fk    |issue           |read            |execution       |Write           |
addd  |r1    |r2    |r3    |2               |3               |     4 - 5      |6               |
subd  |r10   |r12   |r1    |7               |                |       -        |                |
addd  |r8    |r12   |r3    |                |                |       -        |                |

---------------------------Status Unidades funcionais---------------------------
FU     |Busy   |OP     |Fi     |Fj     |Fk     |Qj     |Qk     |Rj     |Rk     |
Integer|False  |       |       |       |       |       |       |True   |True   |
Mult1  |False  |       |       |       |       |       |       |True   |True   |
Mult2  |False  |       |       |       |       |       |       |True   |True   |
Add    |True   |subd   |r10    |r12    |r1     |       |       |True   |True   |
Divide |False  |       |       |       |       |       |       |True   |True   |

------------------------------------------------Status Registradores-------------------------------------------------
    |R0     |R1     |R2     |R3     |R4     |R5     |R6     |R7     |R8     |R9     |R10    |R11    |R12    |RB     |
UF  |       |       |       |       |       |       |       |       |       |       |Add    |       |       |       |       |
---------------------------------------------------------------------------------------------------------------------

Clock:8
----------------------------------------Status Operacoes----------------------------------------
OP    |Fi    |Fj    |Fk    |issue           |read            |execution       |Write           |
addd  |r1    |r2    |r3    |2               |3               |     4 - 5      |6               |
subd  |r10   |r12   |r1    |7               |8               |       -        |                |
addd  |r8    |r12   |r3    |                |                |       -        |                |

---------------------------Status Unidades funcionais---------------------------
FU     |Busy   |OP     |Fi     |Fj     |Fk     |Qj     |Qk     |Rj     |Rk     |
Integer|False  |       |       |       |       |       |       |True   |True   |
Mult1  |False  |       |       |       |       |       |       |True   |True   |
Mult2  |False  |       |       |       |       |       |       |True   |True   |
Add    |True   |subd   |r10    |r12    |r1     |       |       |False  |False  |
Divide |False  |       |       |       |       |       |       |True   |True   |

------------------------------------------------Status Registradores-------------------------------------------------
    |R0     |R1     |R2     |R3     |R4     |R5     |R6     |R7     |R8     |R9     |R10    |R11    |R12    |RB     |
UF  |       |       |       |       |       |       |       |       |       |       |Add    |       |       |       |       |
---------------------------------------------------------------------------------------------------------------------

Clock:9
----------------------------------------Status Operacoes----------------------------------------
OP    |Fi    |Fj    |Fk    |issue           |read            |execution       |Write           |
addd  |r1    |r2    |r3    |2               |3               |     4 - 5      |6               |
subd  |r10   |r12   |r1    |7               |8               |     9 -        |                |
addd  |r8    |r12   |r3    |                |                |       -        |                |

---------------------------Status Unidades funcionais---------------------------
FU     |Busy   |OP     |Fi     |Fj     |Fk     |Qj     |Qk     |Rj     |Rk     |
Integer|False  |       |       |       |       |       |       |True   |True   |
Mult1  |False  |       |       |       |       |       |       |True   |True   |
Mult2  |False  |       |       |       |       |       |       |True   |True   |
Add    |True   |subd   |r10    |r12    |r1     |       |       |False  |False  |
Divide |False  |       |       |       |       |       |       |True   |True   |

------------------------------------------------Status Registradores-------------------------------------------------
    |R0     |R1     |R2     |R3     |R4     |R5     |R6     |R7     |R8     |R9     |R10    |R11    |R12    |RB     |
UF  |       |       |       |       |       |       |       |       |       |       |Add    |       |       |       |       |
---------------------------------------------------------------------------------------------------------------------

Clock:10
----------------------------------------Status Operacoes----------------------------------------
OP    |Fi    |Fj    |Fk    |issue           |read            |execution       |Write           |
addd  |r1    |r2    |r3    |2               |3               |     4 - 5      |6               |
subd  |r10   |r12   |r1    |7               |8               |     9 - 10     |                |
addd  |r8    |r12   |r3    |                |                |       -        |                |

---------------------------Status Unidades funcionais---------------------------
FU     |Busy   |OP     |Fi     |Fj     |Fk     |Qj     |Qk     |Rj     |Rk     |
Integer|False  |       |       |       |       |       |       |True   |True   |
Mult1  |False  |       |       |       |       |       |       |True   |True   |
Mult2  |False  |       |       |       |       |       |       |True   |True   |
Add    |True   |subd   |r10    |r12    |r1     |       |       |False  |False  |
Divide |False  |       |       |       |       |       |       |True   |True   |

------------------------------------------------Status Registradores-------------------------------------------------
    |R0     |R1     |R2     |R3     |R4     |R5     |R6     |R7     |R8     |R9     |R10    |R11    |R12    |RB     |
UF  |       |       |       |       |       |       |       |       |       |       |Add    |       |       |       |       |
---------------------------------------------------------------------------------------------------------------------

Clock:11
----------------------------------------Status Operacoes----------------------------------------
OP    |Fi    |Fj    |Fk    |issue           |read            |execution       |Write           |
addd  |r1    |r2    |r3    |2               |3               |     4 - 5      |6               |
subd  |r10   |r12   |r1    |7               |8               |     9 - 10     |11              |
addd  |r8    |r12   |r3    |                |                |       -        |                |

---------------------------Status Unidades funcionais---------------------------
FU     |Busy   |OP     |Fi     |Fj     |Fk     |Qj     |Qk     |Rj     |Rk     |
Integer|False  |       |       |       |       |       |       |True   |True   |
Mult1  |False  |       |       |       |       |       |       |True   |True   |
Mult2  |False  |       |       |       |       |       |       |True   |True   |
Add    |False  |       |       |       |       |       |       |True   |True   |
Divide |False  |       |       |       |       |       |       |True   |True   |

------------------------------------------------Status Registradores-------------------------------------------------
    |R0     |R1     |R2     |R3     |R4     |R5     |R6     |R7     |R8     |R9     |R10    |R11    |R12    |RB     |
UF  |       |       |       |       |       |       |       |       |       |       |       |       |       |       |       |
---------------------------------------------------------------------------------------------------------------------

Clock:12
----------------------------------------Status Operacoes----------------------------------------
OP    |Fi    |Fj    |Fk    |issue           |read            |execution       |Write           |
addd  |r1    |r2    |r3    |2               |3               |     4 - 5      |6               |
subd  |r10   |r12   |r1    |7               |8               |     9 - 10     |11              |
addd  |r8    |r12   |r3    |12              |                |       -        |                |
divd  |r10   |r8    |r2    |                |                |       -        |                |

---------------------------Status Unidades funcionais---------------------------
FU     |Busy   |OP     |Fi     |Fj     |Fk     |Qj     |Qk     |Rj     |Rk     |
Integer|False  |       |       |       |       |       |       |True   |True   |
Mult1  |False  |       |       |       |       |       |       |True   |True   |
Mult2  |False  |       |       |       |       |       |       |True   |True   |
Add    |True   |addd   |r8     |r12    |r3     |       |       |True   |True   |
Divide |False  |       |       |       |       |       |       |True   |True   |

------------------------------------------------Status Registradores-------------------------------------------------
    |R0     |R1     |R2     |R3     |R4     |R5     |R6     |R7     |R8     |R9     |R10    |R11    |R12    |RB     |
UF  |       |       |       |       |       |       |       |       |Add    |       |       |       |       |       |       |
---------------------------------------------------------------------------------------------------------------------

Clock:13
----------------------------------------Status Operacoes----------------------------------------
OP    |Fi    |Fj    |Fk    |issue           |read            |execution       |Write           |
addd  |r1    |r2    |r3    |2               |3               |     4 - 5      |6               |
subd  |r10   |r12   |r1    |7               |8               |     9 - 10     |11              |
addd  |r8    |r12   |r3    |12              |13              |       -        |                |
divd  |r10   |r8    |r2    |13              |                |       -        |                |
muld  |r8    |r7    |r6    |                |                |       -        |                |

---------------------------Status Unidades funcionais---------------------------
FU     |Busy   |OP     |Fi     |Fj     |Fk     |Qj     |Qk     |Rj     |Rk     |
Integer|False  |       |       |       |       |       |       |True   |True   |
Mult1  |False  |       |       |       |       |       |       |True   |True   |
Mult2  |False  |       |       |       |       |       |       |True   |True   |
Add    |True   |addd   |r8     |r12    |r3     |       |       |False  |False  |
Divide |True   |divd   |r10    |r8     |r2     |Add    |       |False  |True   |

------------------------------------------------Status Registradores-------------------------------------------------
    |R0     |R1     |R2     |R3     |R4     |R5     |R6     |R7     |R8     |R9     |R10    |R11    |R12    |RB     |
UF  |       |       |       |       |       |       |       |       |Add    |       |Divide |       |       |       |       |
---------------------------------------------------------------------------------------------------------------------

Clock:14
----------------------------------------Status Operacoes----------------------------------------
OP    |Fi    |Fj    |Fk    |issue           |read            |execution       |Write           |
addd  |r1    |r2    |r3    |2               |3               |     4 - 5      |6               |
subd  |r10   |r12   |r1    |7               |8               |     9 - 10     |11              |
addd  |r8    |r12   |r3    |12              |13              |     14 -       |                |
divd  |r10   |r8    |r2    |13              |                |       -        |                |
muld  |r8    |r7    |r6    |                |                |       -        |                |

---------------------------Status Unidades funcionais---------------------------
FU     |Busy   |OP     |Fi     |Fj     |Fk     |Qj     |Qk     |Rj     |Rk     |
Integer|False  |       |       |       |       |       |       |True   |True   |
Mult1  |False  |       |       |       |       |       |       |True   |True   |
Mult2  |False  |       |       |       |       |       |       |True   |True   |
Add    |True   |addd   |r8     |r12    |r3     |       |       |False  |False  |
Divide |True   |divd   |r10    |r8     |r2     |Add    |       |False  |True   |

------------------------------------------------Status Registradores-------------------------------------------------
    |R0     |R1     |R2     |R3     |R4     |R5     |R6     |R7     |R8     |R9     |R10    |R11    |R12    |RB     |
UF  |       |       |       |       |       |       |       |       |Add    |       |Divide |       |       |       |       |
---------------------------------------------------------------------------------------------------------------------

Clock:15
----------------------------------------Status Operacoes----------------------------------------
OP    |Fi    |Fj    |Fk    |issue           |read            |execution       |Write           |
addd  |r1    |r2    |r3    |2               |3               |     4 - 5      |6               |
subd  |r10   |r12   |r1    |7               |8               |     9 - 10     |11              |
addd  |r8    |r12   |r3    |12              |13              |    14 - 15     |                |
divd  |r10   |r8    |r2    |13              |                |       -        |                |
muld  |r8    |r7    |r6    |                |                |       -        |                |

---------------------------Status Unidades funcionais---------------------------
FU     |Busy   |OP     |Fi     |Fj     |Fk     |Qj     |Qk     |Rj     |Rk     |
Integer|False  |       |       |       |       |       |       |True   |True   |
Mult1  |False  |       |       |       |       |       |       |True   |True   |
Mult2  |False  |       |       |       |       |       |       |True   |True   |
Add    |True   |addd   |r8     |r12    |r3     |       |       |False  |False  |
Divide |True   |divd   |r10    |r8     |r2     |Add    |       |False  |True   |

------------------------------------------------Status Registradores-------------------------------------------------
    |R0     |R1     |R2     |R3     |R4     |R5     |R6     |R7     |R8     |R9     |R10    |R11    |R12    |RB     |
UF  |       |       |       |       |       |       |       |       |Add    |       |Divide |       |       |       |       |
---------------------------------------------------------------------------------------------------------------------

Clock:16
----------------------------------------Status Operacoes----------------------------------------
OP    |Fi    |Fj    |Fk    |issue           |read            |execution       |Write           |
addd  |r1    |r2    |r3    |2               |3               |     4 - 5      |6               |
subd  |r10   |r12   |r1    |7               |8               |     9 - 10     |11              |
addd  |r8    |r12   |r3    |12              |13              |    14 - 15     |16              |
divd  |r10   |r8    |r2    |13              |                |       -        |                |
muld  |r8    |r7    |r6    |                |                |       -        |                |

---------------------------Status Unidades funcionais---------------------------
FU     |Busy   |OP     |Fi     |Fj     |Fk     |Qj     |Qk     |Rj     |Rk     |
Integer|False  |       |       |       |       |       |       |True   |True   |
Mult1  |False  |       |       |       |       |       |       |True   |True   |
Mult2  |False  |       |       |       |       |       |       |True   |True   |
Add    |False  |       |       |       |       |       |       |True   |True   |
Divide |True   |divd   |r10    |r8     |r2     |       |       |True   |True   |

------------------------------------------------Status Registradores-------------------------------------------------
    |R0     |R1     |R2     |R3     |R4     |R5     |R6     |R7     |R8     |R9     |R10    |R11    |R12    |RB     |
UF  |       |       |       |       |       |       |       |       |       |       |Divide |       |       |       |       |
---------------------------------------------------------------------------------------------------------------------

Clock:17
----------------------------------------Status Operacoes----------------------------------------
OP    |Fi    |Fj    |Fk    |issue           |read            |execution       |Write           |
addd  |r1    |r2    |r3    |2               |3               |     4 - 5      |6               |
subd  |r10   |r12   |r1    |7               |8               |     9 - 10     |11              |
addd  |r8    |r12   |r3    |12              |13              |    14 - 15     |16              |
divd  |r10   |r8    |r2    |13              |17              |       -        |                |
muld  |r8    |r7    |r6    |17              |                |       -        |                |

---------------------------Status Unidades funcionais---------------------------
FU     |Busy   |OP     |Fi     |Fj     |Fk     |Qj     |Qk     |Rj     |Rk     |
Integer|False  |       |       |       |       |       |       |True   |True   |
Mult1  |True   |muld   |r8     |r7     |r6     |       |       |True   |True   |
Mult2  |False  |       |       |       |       |       |       |True   |True   |
Add    |False  |       |       |       |       |       |       |True   |True   |
Divide |True   |divd   |r10    |r8     |r2     |       |       |False  |False  |

------------------------------------------------Status Registradores-------------------------------------------------
    |R0     |R1     |R2     |R3     |R4     |R5     |R6     |R7     |R8     |R9     |R10    |R11    |R12    |RB     |
UF  |       |       |       |       |       |       |       |       |Mult1  |       |Divide |       |       |       |       |
---------------------------------------------------------------------------------------------------------------------

Clock:18
----------------------------------------Status Operacoes----------------------------------------
OP    |Fi    |Fj    |Fk    |issue           |read            |execution       |Write           |
addd  |r1    |r2    |r3    |2               |3               |     4 - 5      |6               |
subd  |r10   |r12   |r1    |7               |8               |     9 - 10     |11              |
addd  |r8    |r12   |r3    |12              |13              |    14 - 15     |16              |
divd  |r10   |r8    |r2    |13              |17              |     18 -       |                |
muld  |r8    |r7    |r6    |17              |18              |       -        |                |

---------------------------Status Unidades funcionais---------------------------
FU     |Busy   |OP     |Fi     |Fj     |Fk     |Qj     |Qk     |Rj     |Rk     |
Integer|False  |       |       |       |       |       |       |True   |True   |
Mult1  |True   |muld   |r8     |r7     |r6     |       |       |False  |False  |
Mult2  |False  |       |       |       |       |       |       |True   |True   |
Add    |False  |       |       |       |       |       |       |True   |True   |
Divide |True   |divd   |r10    |r8     |r2     |       |       |False  |False  |

------------------------------------------------Status Registradores-------------------------------------------------
    |R0     |R1     |R2     |R3     |R4     |R5     |R6     |R7     |R8     |R9     |R10    |R11    |R12    |RB     |
UF  |       |       |       |       |       |       |       |       |Mult1  |       |Divide |       |       |       |       |
---------------------------------------------------------------------------------------------------------------------

Clock:19
----------------------------------------Status Operacoes----------------------------------------
OP    |Fi    |Fj    |Fk    |issue           |read            |execution       |Write           |
addd  |r1    |r2    |r3    |2               |3               |     4 - 5      |6               |
subd  |r10   |r12   |r1    |7               |8               |     9 - 10     |11              |
addd  |r8    |r12   |r3    |12              |13              |    14 - 15     |16              |
divd  |r10   |r8    |r2    |13              |17              |     18 -       |                |
muld  |r8    |r7    |r6    |17              |18              |     19 -       |                |

---------------------------Status Unidades funcionais---------------------------
FU     |Busy   |OP     |Fi     |Fj     |Fk     |Qj     |Qk     |Rj     |Rk     |
Integer|False  |       |       |       |       |       |       |True   |True   |
Mult1  |True   |muld   |r8     |r7     |r6     |       |       |False  |False  |
Mult2  |False  |       |       |       |       |       |       |True   |True   |
Add    |False  |       |       |       |       |       |       |True   |True   |
Divide |True   |divd   |r10    |r8     |r2     |       |       |False  |False  |

------------------------------------------------Status Registradores-------------------------------------------------
    |R0     |R1     |R2     |R3     |R4     |R5     |R6     |R7     |R8     |R9     |R10    |R11    |R12    |RB     |
UF  |       |       |       |       |       |       |       |       |Mult1  |       |Divide |       |       |       |       |
---------------------------------------------------------------------------------------------------------------------

Clock:20
----------------------------------------Status Operacoes----------------------------------------
OP    |Fi    |Fj    |Fk    |issue           |read            |execution       |Write           |
addd  |r1    |r2    |r3    |2               |3               |     4 - 5      |6               |
subd  |r10   |r12   |r1    |7               |8               |     9 - 10     |11              |
addd  |r8    |r12   |r3    |12              |13              |    14 - 15     |16              |
divd  |r10   |r8    |r2    |13              |17              |     18 -       |                |
muld  |r8    |r7    |r6    |17              |18              |     19 -       |                |

---------------------------Status Unidades funcionais---------------------------
FU     |Busy   |OP     |Fi     |Fj     |Fk     |Qj     |Qk     |Rj     |Rk     |
Integer|False  |       |       |       |       |       |       |True   |True   |
Mult1  |True   |muld   |r8     |r7     |r6     |       |       |False  |False  |
Mult2  |False  |       |       |       |       |       |       |True   |True   |
Add    |False  |       |       |       |       |       |       |True   |True   |
Divide |True   |divd   |r10    |r8     |r2     |       |       |False  |False  |

------------------------------------------------Status Registradores-------------------------------------------------
    |R0     |R1     |R2     |R3     |R4     |R5     |R6     |R7     |R8     |R9     |R10    |R11    |R12    |RB     |
UF  |       |       |       |       |       |       |       |       |Mult1  |       |Divide |       |       |       |       |
---------------------------------------------------------------------------------------------------------------------

Clock:21
----------------------------------------Status Operacoes----------------------------------------
OP    |Fi    |Fj    |Fk    |issue           |read            |execution       |Write           |
addd  |r1    |r2    |r3    |2               |3               |     4 - 5      |6               |
subd  |r10   |r12   |r1    |7               |8               |     9 - 10     |11              |
addd  |r8    |r12   |r3    |12              |13              |    14 - 15     |16              |
divd  |r10   |r8    |r2    |13              |17              |     18 -       |                |
muld  |r8    |r7    |r6    |17              |18              |     19 -       |                |

---------------------------Status Unidades funcionais---------------------------
FU     |Busy   |OP     |Fi     |Fj     |Fk     |Qj     |Qk     |Rj     |Rk     |
Integer|False  |       |       |       |       |       |       |True   |True   |
Mult1  |True   |muld   |r8     |r7     |r6     |       |       |False  |False  |
Mult2  |False  |       |       |       |       |       |       |True   |True   |
Add    |False  |       |       |       |       |       |       |True   |True   |
Divide |True   |divd   |r10    |r8     |r2     |       |       |False  |False  |

------------------------------------------------Status Registradores-------------------------------------------------
    |R0     |R1     |R2     |R3     |R4     |R5     |R6     |R7     |R8     |R9     |R10    |R11    |R12    |RB     |
UF  |       |       |       |       |       |       |       |       |Mult1  |       |Divide |       |       |       |       |
---------------------------------------------------------------------------------------------------------------------

Clock:22
----------------------------------------Status Operacoes----------------------------------------
OP    |Fi    |Fj    |Fk    |issue           |read            |execution       |Write           |
addd  |r1    |r2    |r3    |2               |3               |     4 - 5      |6               |
subd  |r10   |r12   |r1    |7               |8               |     9 - 10     |11              |
addd  |r8    |r12   |r3    |12              |13              |    14 - 15     |16              |
divd  |r10   |r8    |r2    |13              |17              |     18 -       |                |
muld  |r8    |r7    |r6    |17              |18              |     19 -       |                |

---------------------------Status Unidades funcionais---------------------------
FU     |Busy   |OP     |Fi     |Fj     |Fk     |Qj     |Qk     |Rj     |Rk     |
Integer|False  |       |       |       |       |       |       |True   |True   |
Mult1  |True   |muld   |r8     |r7     |r6     |       |       |False  |False  |
Mult2  |False  |       |       |       |       |       |       |True   |True   |
Add    |False  |       |       |       |       |       |       |True   |True   |
Divide |True   |divd   |r10    |r8     |r2     |       |       |False  |False  |

------------------------------------------------Status Registradores-------------------------------------------------
    |R0     |R1     |R2     |R3     |R4     |R5     |R6     |R7     |R8     |R9     |R10    |R11    |R12    |RB     |
UF  |       |       |       |       |       |       |       |       |Mult1  |       |Divide |       |       |       |       |
---------------------------------------------------------------------------------------------------------------------

Clock:23
----------------------------------------Status Operacoes----------------------------------------
OP    |Fi    |Fj    |Fk    |issue           |read            |execution       |Write           |
addd  |r1    |r2    |r3    |2               |3               |     4 - 5      |6               |
subd  |r10   |r12   |r1    |7               |8               |     9 - 10     |11              |
addd  |r8    |r12   |r3    |12              |13              |    14 - 15     |16              |
divd  |r10   |r8    |r2    |13              |17              |     18 -       |                |
muld  |r8    |r7    |r6    |17              |18              |     19 -       |                |

---------------------------Status Unidades funcionais---------------------------
FU     |Busy   |OP     |Fi     |Fj     |Fk     |Qj     |Qk     |Rj     |Rk     |
Integer|False  |       |       |       |       |       |       |True   |True   |
Mult1  |True   |muld   |r8     |r7     |r6     |       |       |False  |False  |
Mult2  |False  |       |       |       |       |       |       |True   |True   |
Add    |False  |       |       |       |       |       |       |True   |True   |
Divide |True   |divd   |r10    |r8     |r2     |       |       |False  |False  |

------------------------------------------------Status Registradores-------------------------------------------------
    |R0     |R1     |R2     |R3     |R4     |R5     |R6     |R7     |R8     |R9     |R10    |R11    |R12    |RB     |
UF  |       |       |       |       |       |       |       |       |Mult1  |       |Divide |       |       |       |       |
---------------------------------------------------------------------------------------------------------------------

Clock:24
----------------------------------------Status Operacoes----------------------------------------
OP    |Fi    |Fj    |Fk    |issue           |read            |execution       |Write           |
addd  |r1    |r2    |r3    |2               |3               |     4 - 5      |6               |
subd  |r10   |r12   |r1    |7               |8               |     9 - 10     |11              |
addd  |r8    |r12   |r3    |12              |13              |    14 - 15     |16              |
divd  |r10   |r8    |r2    |13              |17              |     18 -       |                |
muld  |r8    |r7    |r6    |17              |18              |     19 -       |                |

---------------------------Status Unidades funcionais---------------------------
FU     |Busy   |OP     |Fi     |Fj     |Fk     |Qj     |Qk     |Rj     |Rk     |
Integer|False  |       |       |       |       |       |       |True   |True   |
Mult1  |True   |muld   |r8     |r7     |r6     |       |       |False  |False  |
Mult2  |False  |       |       |       |       |       |       |True   |True   |
Add    |False  |       |       |       |       |       |       |True   |True   |
Divide |True   |divd   |r10    |r8     |r2     |       |       |False  |False  |

------------------------------------------------Status Registradores-------------------------------------------------
    |R0     |R1     |R2     |R3     |R4     |R5     |R6     |R7     |R8     |R9     |R10    |R11    |R12    |RB     |
UF  |       |       |       |       |       |       |       |       |Mult1  |       |Divide |       |       |       |       |
---------------------------------------------------------------------------------------------------------------------

Clock:25
----------------------------------------Status Operacoes----------------------------------------
OP    |Fi    |Fj    |Fk    |issue           |read            |execution       |Write           |
addd  |r1    |r2    |r3    |2               |3               |     4 - 5      |6               |
subd  |r10   |r12   |r1    |7               |8               |     9 - 10     |11              |
addd  |r8    |r12   |r3    |12              |13              |    14 - 15     |16              |
divd  |r10   |r8    |r2    |13              |17              |     18 -       |                |
muld  |r8    |r7    |r6    |17              |18              |     19 -       |                |

---------------------------Status Unidades funcionais---------------------------
FU     |Busy   |OP     |Fi     |Fj     |Fk     |Qj     |Qk     |Rj     |Rk     |
Integer|False  |       |       |       |       |       |       |True   |True   |
Mult1  |True   |muld   |r8     |r7     |r6     |       |       |False  |False  |
Mult2  |False  |       |       |       |       |       |       |True   |True   |
Add    |False  |       |       |       |       |       |       |True   |True   |
Divide |True   |divd   |r10    |r8     |r2     |       |       |False  |False  |

------------------------------------------------Status Registradores-------------------------------------------------
    |R0     |R1     |R2     |R3     |R4     |R5     |R6     |R7     |R8     |R9     |R10    |R11    |R12    |RB     |
UF  |       |       |       |       |       |       |       |       |Mult1  |       |Divide |       |       |       |       |
---------------------------------------------------------------------------------------------------------------------

Clock:26
----------------------------------------Status Operacoes----------------------------------------
OP    |Fi    |Fj    |Fk    |issue           |read            |execution       |Write           |
addd  |r1    |r2    |r3    |2               |3               |     4 - 5      |6               |
subd  |r10   |r12   |r1    |7               |8               |     9 - 10     |11              |
addd  |r8    |r12   |r3    |12              |13              |    14 - 15     |16              |
divd  |r10   |r8    |r2    |13              |17              |     18 -       |                |
muld  |r8    |r7    |r6    |17              |18              |     19 -       |                |

---------------------------Status Unidades funcionais---------------------------
FU     |Busy   |OP     |Fi     |Fj     |Fk     |Qj     |Qk     |Rj     |Rk     |
Integer|False  |       |       |       |       |       |       |True   |True   |
Mult1  |True   |muld   |r8     |r7     |r6     |       |       |False  |False  |
Mult2  |False  |       |       |       |       |       |       |True   |True   |
Add    |False  |       |       |       |       |       |       |True   |True   |
Divide |True   |divd   |r10    |r8     |r2     |       |       |False  |False  |

------------------------------------------------Status Registradores-------------------------------------------------
    |R0     |R1     |R2     |R3     |R4     |R5     |R6     |R7     |R8     |R9     |R10    |R11    |R12    |RB     |
UF  |       |       |       |       |       |       |       |       |Mult1  |       |Divide |       |       |       |       |
---------------------------------------------------------------------------------------------------------------------

Clock:27
----------------------------------------Status Operacoes----------------------------------------
OP    |Fi    |Fj    |Fk    |issue           |read            |execution       |Write           |
addd  |r1    |r2    |r3    |2               |3               |     4 - 5      |6               |
subd  |r10   |r12   |r1    |7               |8               |     9 - 10     |11              |
addd  |r8    |r12   |r3    |12              |13              |    14 - 15     |16              |
divd  |r10   |r8    |r2    |13              |17              |     18 -       |                |
muld  |r8    |r7    |r6    |17              |18              |     19 -       |                |

---------------------------Status Unidades funcionais---------------------------
FU     |Busy   |OP     |Fi     |Fj     |Fk     |Qj     |Qk     |Rj     |Rk     |
Integer|False  |       |       |       |       |       |       |True   |True   |
Mult1  |True   |muld   |r8     |r7     |r6     |       |       |False  |False  |
Mult2  |False  |       |       |       |       |       |       |True   |True   |
Add    |False  |       |       |       |       |       |       |True   |True   |
Divide |True   |divd   |r10    |r8     |r2     |       |       |False  |False  |

------------------------------------------------Status Registradores-------------------------------------------------
    |R0     |R1     |R2     |R3     |R4     |R5     |R6     |R7     |R8     |R9     |R10    |R11    |R12    |RB     |
UF  |       |       |       |       |       |       |       |       |Mult1  |       |Divide |       |       |       |       |
---------------------------------------------------------------------------------------------------------------------

Clock:28
----------------------------------------Status Operacoes----------------------------------------
OP    |Fi    |Fj    |Fk    |issue           |read            |execution       |Write           |
addd  |r1    |r2    |r3    |2               |3               |     4 - 5      |6               |
subd  |r10   |r12   |r1    |7               |8               |     9 - 10     |11              |
addd  |r8    |r12   |r3    |12              |13              |    14 - 15     |16              |
divd  |r10   |r8    |r2    |13              |17              |     18 -       |                |
muld  |r8    |r7    |r6    |17              |18              |    19 - 28     |                |

---------------------------Status Unidades funcionais---------------------------
FU     |Busy   |OP     |Fi     |Fj     |Fk     |Qj     |Qk     |Rj     |Rk     |
Integer|False  |       |       |       |       |       |       |True   |True   |
Mult1  |True   |muld   |r8     |r7     |r6     |       |       |False  |False  |
Mult2  |False  |       |       |       |       |       |       |True   |True   |
Add    |False  |       |       |       |       |       |       |True   |True   |
Divide |True   |divd   |r10    |r8     |r2     |       |       |False  |False  |

------------------------------------------------Status Registradores-------------------------------------------------
    |R0     |R1     |R2     |R3     |R4     |R5     |R6     |R7     |R8     |R9     |R10    |R11    |R12    |RB     |
UF  |       |       |       |       |       |       |       |       |Mult1  |       |Divide |       |       |       |       |
---------------------------------------------------------------------------------------------------------------------

Clock:29
----------------------------------------Status Operacoes----------------------------------------
OP    |Fi    |Fj    |Fk    |issue           |read            |execution       |Write           |
addd  |r1    |r2    |r3    |2               |3               |     4 - 5      |6               |
subd  |r10   |r12   |r1    |7               |8               |     9 - 10     |11              |
addd  |r8    |r12   |r3    |12              |13              |    14 - 15     |16              |
divd  |r10   |r8    |r2    |13              |17              |     18 -       |                |
muld  |r8    |r7    |r6    |17              |18              |    19 - 28     |29              |

---------------------------Status Unidades funcionais---------------------------
FU     |Busy   |OP     |Fi     |Fj     |Fk     |Qj     |Qk     |Rj     |Rk     |
Integer|False  |       |       |       |       |       |       |True   |True   |
Mult1  |False  |       |       |       |       |       |       |True   |True   |
Mult2  |False  |       |       |       |       |       |       |True   |True   |
Add    |False  |       |       |       |       |       |       |True   |True   |
Divide |True   |divd   |r10    |r8     |r2     |       |       |False  |False  |

------------------------------------------------Status Registradores-------------------------------------------------
    |R0     |R1     |R2     |R3     |R4     |R5     |R6     |R7     |R8     |R9     |R10    |R11    |R12    |RB     |
UF  |       |       |       |       |       |       |       |       |       |       |Divide |       |       |       |       |
---------------------------------------------------------------------------------------------------------------------

Clock:30
----------------------------------------Status Operacoes----------------------------------------
OP    |Fi    |Fj    |Fk    |issue           |read            |execution       |Write           |
addd  |r1    |r2    |r3    |2               |3               |     4 - 5      |6               |
subd  |r10   |r12   |r1    |7               |8               |     9 - 10     |11              |
addd  |r8    |r12   |r3    |12              |13              |    14 - 15     |16              |
divd  |r10   |r8    |r2    |13              |17              |     18 -       |                |
muld  |r8    |r7    |r6    |17              |18              |    19 - 28     |29              |

---------------------------Status Unidades funcionais---------------------------
FU     |Busy   |OP     |Fi     |Fj     |Fk     |Qj     |Qk     |Rj     |Rk     |
Integer|False  |       |       |       |       |       |       |True   |True   |
Mult1  |False  |       |       |       |       |       |       |True   |True   |
Mult2  |False  |       |       |       |       |       |       |True   |True   |
Add    |False  |       |       |       |       |       |       |True   |True   |
Divide |True   |divd   |r10    |r8     |r2     |       |       |False  |False  |

------------------------------------------------Status Registradores-------------------------------------------------
    |R0     |R1     |R2     |R3     |R4     |R5     |R6     |R7     |R8     |R9     |R10    |R11    |R12    |RB     |
UF  |       |       |       |       |       |       |       |       |       |       |Divide |       |       |       |       |
---------------------------------------------------------------------------------------------------------------------

Clock:31
----------------------------------------Status Operacoes----------------------------------------
OP    |Fi    |Fj    |Fk    |issue           |read            |execution       |Write           |
addd  |r1    |r2    |r3    |2               |3               |     4 - 5      |6               |
subd  |r10   |r12   |r1    |7               |8               |     9 - 10     |11              |
addd  |r8    |r12   |r3    |12              |13              |    14 - 15     |16              |
divd  |r10   |r8    |r2    |13              |17              |     18 -       |                |
muld  |r8    |r7    |r6    |17              |18              |    19 - 28     |29              |

---------------------------Status Unidades funcionais---------------------------
FU     |Busy   |OP     |Fi     |Fj     |Fk     |Qj     |Qk     |Rj     |Rk     |
Integer|False  |       |       |       |       |       |       |True   |True   |
Mult1  |False  |       |       |       |       |       |       |True   |True   |
Mult2  |False  |       |       |       |       |       |       |True   |True   |
Add    |False  |       |       |       |       |       |       |True   |True   |
Divide |True   |divd   |r10    |r8     |r2     |       |       |False  |False  |

------------------------------------------------Status Registradores-------------------------------------------------
    |R0     |R1     |R2     |R3     |R4     |R5     |R6     |R7     |R8     |R9     |R10    |R11    |R12    |RB     |
UF  |       |       |       |       |       |       |       |       |       |       |Divide |       |       |       |       |
---------------------------------------------------------------------------------------------------------------------

Clock:32
----------------------------------------Status Operacoes----------------------------------------
OP    |Fi    |Fj    |Fk    |issue           |read            |execution       |Write           |
addd  |r1    |r2    |r3    |2               |3               |     4 - 5      |6               |
subd  |r10   |r12   |r1    |7               |8               |     9 - 10     |11              |
addd  |r8    |r12   |r3    |12              |13              |    14 - 15     |16              |
divd  |r10   |r8    |r2    |13              |17              |     18 -       |                |
muld  |r8    |r7    |r6    |17              |18              |    19 - 28     |29              |

---------------------------Status Unidades funcionais---------------------------
FU     |Busy   |OP     |Fi     |Fj     |Fk     |Qj     |Qk     |Rj     |Rk     |
Integer|False  |       |       |       |       |       |       |True   |True   |
Mult1  |False  |       |       |       |       |       |       |True   |True   |
Mult2  |False  |       |       |       |       |       |       |True   |True   |
Add    |False  |       |       |       |       |       |       |True   |True   |
Divide |True   |divd   |r10    |r8     |r2     |       |       |False  |False  |

------------------------------------------------Status Registradores-------------------------------------------------
    |R0     |R1     |R2     |R3     |R4     |R5     |R6     |R7     |R8     |R9     |R10    |R11    |R12    |RB     |
UF  |       |       |       |       |       |       |       |       |       |       |Divide |       |       |       |       |
---------------------------------------------------------------------------------------------------------------------

Clock:33
----------------------------------------Status Operacoes----------------------------------------
OP    |Fi    |Fj    |Fk    |issue           |read            |execution       |Write           |
addd  |r1    |r2    |r3    |2               |3               |     4 - 5      |6               |
subd  |r10   |r12   |r1    |7               |8               |     9 - 10     |11              |
addd  |r8    |r12   |r3    |12              |13              |    14 - 15     |16              |
divd  |r10   |r8    |r2    |13              |17              |     18 -       |                |
muld  |r8    |r7    |r6    |17              |18              |    19 - 28     |29              |

---------------------------Status Unidades funcionais---------------------------
FU     |Busy   |OP     |Fi     |Fj     |Fk     |Qj     |Qk     |Rj     |Rk     |
Integer|False  |       |       |       |       |       |       |True   |True   |
Mult1  |False  |       |       |       |       |       |       |True   |True   |
Mult2  |False  |       |       |       |       |       |       |True   |True   |
Add    |False  |       |       |       |       |       |       |True   |True   |
Divide |True   |divd   |r10    |r8     |r2     |       |       |False  |False  |

------------------------------------------------Status Registradores-------------------------------------------------
    |R0     |R1     |R2     |R3     |R4     |R5     |R6     |R7     |R8     |R9     |R10    |R11    |R12    |RB     |
UF  |       |       |       |       |       |       |       |       |       |       |Divide |       |       |       |       |
---------------------------------------------------------------------------------------------------------------------

Clock:34
----------------------------------------Status Operacoes----------------------------------------
OP    |Fi    |Fj    |Fk    |issue           |read            |execution       |Write           |
addd  |r1    |r2    |r3    |2               |3               |     4 - 5      |6               |
subd  |r10   |r12   |r1    |7               |8               |     9 - 10     |11              |
addd  |r8    |r12   |r3    |12              |13              |    14 - 15     |16              |
divd  |r10   |r8    |r2    |13              |17              |     18 -       |                |
muld  |r8    |r7    |r6    |17              |18              |    19 - 28     |29              |

---------------------------Status Unidades funcionais---------------------------
FU     |Busy   |OP     |Fi     |Fj     |Fk     |Qj     |Qk     |Rj     |Rk     |
Integer|False  |       |       |       |       |       |       |True   |True   |
Mult1  |False  |       |       |       |       |       |       |True   |True   |
Mult2  |False  |       |       |       |       |       |       |True   |True   |
Add    |False  |       |       |       |       |       |       |True   |True   |
Divide |True   |divd   |r10    |r8     |r2     |       |       |False  |False  |

------------------------------------------------Status Registradores-------------------------------------------------
    |R0     |R1     |R2     |R3     |R4     |R5     |R6     |R7     |R8     |R9     |R10    |R11    |R12    |RB     |
UF  |       |       |       |       |       |       |       |       |       |       |Divide |       |       |       |       |
---------------------------------------------------------------------------------------------------------------------

Clock:35
----------------------------------------Status Operacoes----------------------------------------
OP    |Fi    |Fj    |Fk    |issue           |read            |execution       |Write           |
addd  |r1    |r2    |r3    |2               |3               |     4 - 5      |6               |
subd  |r10   |r12   |r1    |7               |8               |     9 - 10     |11              |
addd  |r8    |r12   |r3    |12              |13              |    14 - 15     |16              |
divd  |r10   |r8    |r2    |13              |17              |     18 -       |                |
muld  |r8    |r7    |r6    |17              |18              |    19 - 28     |29              |

---------------------------Status Unidades funcionais---------------------------
FU     |Busy   |OP     |Fi     |Fj     |Fk     |Qj     |Qk     |Rj     |Rk     |
Integer|False  |       |       |       |       |       |       |True   |True   |
Mult1  |False  |       |       |       |       |       |       |True   |True   |
Mult2  |False  |       |       |       |       |       |       |True   |True   |
Add    |False  |       |       |       |       |       |       |True   |True   |
Divide |True   |divd   |r10    |r8     |r2     |       |       |False  |False  |

------------------------------------------------Status Registradores-------------------------------------------------
    |R0     |R1     |R2     |R3     |R4     |R5     |R6     |R7     |R8     |R9     |R10    |R11    |R12    |RB     |
UF  |       |       |       |       |       |       |       |       |       |       |Divide |       |       |       |       |
---------------------------------------------------------------------------------------------------------------------

Clock:36
----------------------------------------Status Operacoes----------------------------------------
OP    |Fi    |Fj    |Fk    |issue           |read            |execution       |Write           |
addd  |r1    |r2    |r3    |2               |3               |     4 - 5      |6               |
subd  |r10   |r12   |r1    |7               |8               |     9 - 10     |11              |
addd  |r8    |r12   |r3    |12              |13              |    14 - 15     |16              |
divd  |r10   |r8    |r2    |13              |17              |     18 -       |                |
muld  |r8    |r7    |r6    |17              |18              |    19 - 28     |29              |

---------------------------Status Unidades funcionais---------------------------
FU     |Busy   |OP     |Fi     |Fj     |Fk     |Qj     |Qk     |Rj     |Rk     |
Integer|False  |       |       |       |       |       |       |True   |True   |
Mult1  |False  |       |       |       |       |       |       |True   |True   |
Mult2  |False  |       |       |       |       |       |       |True   |True   |
Add    |False  |       |       |       |       |       |       |True   |True   |
Divide |True   |divd   |r10    |r8     |r2     |       |       |False  |False  |

------------------------------------------------Status Registradores-------------------------------------------------
    |R0     |R1     |R2     |R3     |R4     |R5     |R6     |R7     |R8     |R9     |R10    |R11    |R12    |RB     |
UF  |       |       |       |       |       |       |       |       |       |       |Divide |       |       |       |       |
---------------------------------------------------------------------------------------------------------------------

Clock:37
----------------------------------------Status Operacoes----------------------------------------
OP    |Fi    |Fj    |Fk    |issue           |read            |execution       |Write           |
addd  |r1    |r2    |r3    |2               |3               |     4 - 5      |6               |
subd  |r10   |r12   |r1    |7               |8               |     9 - 10     |11              |
addd  |r8    |r12   |r3    |12              |13              |    14 - 15     |16              |
divd  |r10   |r8    |r2    |13              |17              |     18 -       |                |
muld  |r8    |r7    |r6    |17              |18              |    19 - 28     |29              |

---------------------------Status Unidades funcionais---------------------------
FU     |Busy   |OP     |Fi     |Fj     |Fk     |Qj     |Qk     |Rj     |Rk     |
Integer|False  |       |       |       |       |       |       |True   |True   |
Mult1  |False  |       |       |       |       |       |       |True   |True   |
Mult2  |False  |       |       |       |       |       |       |True   |True   |
Add    |False  |       |       |       |       |       |       |True   |True   |
Divide |True   |divd   |r10    |r8     |r2     |       |       |False  |False  |

------------------------------------------------Status Registradores-------------------------------------------------
    |R0     |R1     |R2     |R3     |R4     |R5     |R6     |R7     |R8     |R9     |R10    |R11    |R12    |RB     |
UF  |       |       |       |       |       |       |       |       |       |       |Divide |       |       |       |       |
---------------------------------------------------------------------------------------------------------------------

Clock:38
----------------------------------------Status Operacoes----------------------------------------
OP    |Fi    |Fj    |Fk    |issue           |read            |execution       |Write           |
addd  |r1    |r2    |r3    |2               |3               |     4 - 5      |6               |
subd  |r10   |r12   |r1    |7               |8               |     9 - 10     |11              |
addd  |r8    |r12   |r3    |12              |13              |    14 - 15     |16              |
divd  |r10   |r8    |r2    |13              |17              |     18 -       |                |
muld  |r8    |r7    |r6    |17              |18              |    19 - 28     |29              |

---------------------------Status Unidades funcionais---------------------------
FU     |Busy   |OP     |Fi     |Fj     |Fk     |Qj     |Qk     |Rj     |Rk     |
Integer|False  |       |       |       |       |       |       |True   |True   |
Mult1  |False  |       |       |       |       |       |       |True   |True   |
Mult2  |False  |       |       |       |       |       |       |True   |True   |
Add    |False  |       |       |       |       |       |       |True   |True   |
Divide |True   |divd   |r10    |r8     |r2     |       |       |False  |False  |

------------------------------------------------Status Registradores-------------------------------------------------
    |R0     |R1     |R2     |R3     |R4     |R5     |R6     |R7     |R8     |R9     |R10    |R11    |R12    |RB     |
UF  |       |       |       |       |       |       |       |       |       |       |Divide |       |       |       |       |
---------------------------------------------------------------------------------------------------------------------

Clock:39
----------------------------------------Status Operacoes----------------------------------------
OP    |Fi    |Fj    |Fk    |issue           |read            |execution       |Write           |
addd  |r1    |r2    |r3    |2               |3               |     4 - 5      |6               |
subd  |r10   |r12   |r1    |7               |8               |     9 - 10     |11              |
addd  |r8    |r12   |r3    |12              |13              |    14 - 15     |16              |
divd  |r10   |r8    |r2    |13              |17              |     18 -       |                |
muld  |r8    |r7    |r6    |17              |18              |    19 - 28     |29              |

---------------------------Status Unidades funcionais---------------------------
FU     |Busy   |OP     |Fi     |Fj     |Fk     |Qj     |Qk     |Rj     |Rk     |
Integer|False  |       |       |       |       |       |       |True   |True   |
Mult1  |False  |       |       |       |       |       |       |True   |True   |
Mult2  |False  |       |       |       |       |       |       |True   |True   |
Add    |False  |       |       |       |       |       |       |True   |True   |
Divide |True   |divd   |r10    |r8     |r2     |       |       |False  |False  |

------------------------------------------------Status Registradores-------------------------------------------------
    |R0     |R1     |R2     |R3     |R4     |R5     |R6     |R7     |R8     |R9     |R10    |R11    |R12    |RB     |
UF  |       |       |       |       |       |       |       |       |       |       |Divide |       |       |       |       |
---------------------------------------------------------------------------------------------------------------------

Clock:40
----------------------------------------Status Operacoes----------------------------------------
OP    |Fi    |Fj    |Fk    |issue           |read            |execution       |Write           |
addd  |r1    |r2    |r3    |2               |3               |     4 - 5      |6               |
subd  |r10   |r12   |r1    |7               |8               |     9 - 10     |11              |
addd  |r8    |r12   |r3    |12              |13              |    14 - 15     |16              |
divd  |r10   |r8    |r2    |13              |17              |     18 -       |                |
muld  |r8    |r7    |r6    |17              |18              |    19 - 28     |29              |

---------------------------Status Unidades funcionais---------------------------
FU     |Busy   |OP     |Fi     |Fj     |Fk     |Qj     |Qk     |Rj     |Rk     |
Integer|False  |       |       |       |       |       |       |True   |True   |
Mult1  |False  |       |       |       |       |       |       |True   |True   |
Mult2  |False  |       |       |       |       |       |       |True   |True   |
Add    |False  |       |       |       |       |       |       |True   |True   |
Divide |True   |divd   |r10    |r8     |r2     |       |       |False  |False  |

------------------------------------------------Status Registradores-------------------------------------------------
    |R0     |R1     |R2     |R3     |R4     |R5     |R6     |R7     |R8     |R9     |R10    |R11    |R12    |RB     |
UF  |       |       |       |       |       |       |       |       |       |       |Divide |       |       |       |       |
---------------------------------------------------------------------------------------------------------------------

Clock:41
----------------------------------------Status Operacoes----------------------------------------
OP    |Fi    |Fj    |Fk    |issue           |read            |execution       |Write           |
addd  |r1    |r2    |r3    |2               |3               |     4 - 5      |6               |
subd  |r10   |r12   |r1    |7               |8               |     9 - 10     |11              |
addd  |r8    |r12   |r3    |12              |13              |    14 - 15     |16              |
divd  |r10   |r8    |r2    |13              |17              |     18 -       |                |
muld  |r8    |r7    |r6    |17              |18              |    19 - 28     |29              |

---------------------------Status Unidades funcionais---------------------------
FU     |Busy   |OP     |Fi     |Fj     |Fk     |Qj     |Qk     |Rj     |Rk     |
Integer|False  |       |       |       |       |       |       |True   |True   |
Mult1  |False  |       |       |       |       |       |       |True   |True   |
Mult2  |False  |       |       |       |       |       |       |True   |True   |
Add    |False  |       |       |       |       |       |       |True   |True   |
Divide |True   |divd   |r10    |r8     |r2     |       |       |False  |False  |

------------------------------------------------Status Registradores-------------------------------------------------
    |R0     |R1     |R2     |R3     |R4     |R5     |R6     |R7     |R8     |R9     |R10    |R11    |R12    |RB     |
UF  |       |       |       |       |       |       |       |       |       |       |Divide |       |       |       |       |
---------------------------------------------------------------------------------------------------------------------

Clock:42
----------------------------------------Status Operacoes----------------------------------------
OP    |Fi    |Fj    |Fk    |issue           |read            |execution       |Write           |
addd  |r1    |r2    |r3    |2               |3               |     4 - 5      |6               |
subd  |r10   |r12   |r1    |7               |8               |     9 - 10     |11              |
addd  |r8    |r12   |r3    |12              |13              |    14 - 15     |16              |
divd  |r10   |r8    |r2    |13              |17              |     18 -       |                |
muld  |r8    |r7    |r6    |17              |18              |    19 - 28     |29              |

---------------------------Status Unidades funcionais---------------------------
FU     |Busy   |OP     |Fi     |Fj     |Fk     |Qj     |Qk     |Rj     |Rk     |
Integer|False  |       |       |       |       |       |       |True   |True   |
Mult1  |False  |       |       |       |       |       |       |True   |True   |
Mult2  |False  |       |       |       |       |       |       |True   |True   |
Add    |False  |       |       |       |       |       |       |True   |True   |
Divide |True   |divd   |r10    |r8     |r2     |       |       |False  |False  |

------------------------------------------------Status Registradores-------------------------------------------------
    |R0     |R1     |R2     |R3     |R4     |R5     |R6     |R7     |R8     |R9     |R10    |R11    |R12    |RB     |
UF  |       |       |       |       |       |       |       |       |       |       |Divide |       |       |       |       |
---------------------------------------------------------------------------------------------------------------------

Clock:43
----------------------------------------Status Operacoes----------------------------------------
OP    |Fi    |Fj    |Fk    |issue           |read            |execution       |Write           |
addd  |r1    |r2    |r3    |2               |3               |     4 - 5      |6               |
subd  |r10   |r12   |r1    |7               |8               |     9 - 10     |11              |
addd  |r8    |r12   |r3    |12              |13              |    14 - 15     |16              |
divd  |r10   |r8    |r2    |13              |17              |     18 -       |                |
muld  |r8    |r7    |r6    |17              |18              |    19 - 28     |29              |

---------------------------Status Unidades funcionais---------------------------
FU     |Busy   |OP     |Fi     |Fj     |Fk     |Qj     |Qk     |Rj     |Rk     |
Integer|False  |       |       |       |       |       |       |True   |True   |
Mult1  |False  |       |       |       |       |       |       |True   |True   |
Mult2  |False  |       |       |       |       |       |       |True   |True   |
Add    |False  |       |       |       |       |       |       |True   |True   |
Divide |True   |divd   |r10    |r8     |r2     |       |       |False  |False  |

------------------------------------------------Status Registradores-------------------------------------------------
    |R0     |R1     |R2     |R3     |R4     |R5     |R6     |R7     |R8     |R9     |R10    |R11    |R12    |RB     |
UF  |       |       |       |       |       |       |       |       |       |       |Divide |       |       |       |       |
---------------------------------------------------------------------------------------------------------------------

Clock:44
----------------------------------------Status Operacoes----------------------------------------
OP    |Fi    |Fj    |Fk    |issue           |read            |execution       |Write           |
addd  |r1    |r2    |r3    |2               |3               |     4 - 5      |6               |
subd  |r10   |r12   |r1    |7               |8               |     9 - 10     |11              |
addd  |r8    |r12   |r3    |12              |13              |    14 - 15     |16              |
divd  |r10   |r8    |r2    |13              |17              |     18 -       |                |
muld  |r8    |r7    |r6    |17              |18              |    19 - 28     |29              |

---------------------------Status Unidades funcionais---------------------------
FU     |Busy   |OP     |Fi     |Fj     |Fk     |Qj     |Qk     |Rj     |Rk     |
Integer|False  |       |       |       |       |       |       |True   |True   |
Mult1  |False  |       |       |       |       |       |       |True   |True   |
Mult2  |False  |       |       |       |       |       |       |True   |True   |
Add    |False  |       |       |       |       |       |       |True   |True   |
Divide |True   |divd   |r10    |r8     |r2     |       |       |False  |False  |

------------------------------------------------Status Registradores-------------------------------------------------
    |R0     |R1     |R2     |R3     |R4     |R5     |R6     |R7     |R8     |R9     |R10    |R11    |R12    |RB     |
UF  |       |       |       |       |       |       |       |       |       |       |Divide |       |       |       |       |
---------------------------------------------------------------------------------------------------------------------

Clock:45
----------------------------------------Status Operacoes----------------------------------------
OP    |Fi    |Fj    |Fk    |issue           |read            |execution       |Write           |
addd  |r1    |r2    |r3    |2               |3               |     4 - 5      |6               |
subd  |r10   |r12   |r1    |7               |8               |     9 - 10     |11              |
addd  |r8    |r12   |r3    |12              |13              |    14 - 15     |16              |
divd  |r10   |r8    |r2    |13              |17              |     18 -       |                |
muld  |r8    |r7    |r6    |17              |18              |    19 - 28     |29              |

---------------------------Status Unidades funcionais---------------------------
FU     |Busy   |OP     |Fi     |Fj     |Fk     |Qj     |Qk     |Rj     |Rk     |
Integer|False  |       |       |       |       |       |       |True   |True   |
Mult1  |False  |       |       |       |       |       |       |True   |True   |
Mult2  |False  |       |       |       |       |       |       |True   |True   |
Add    |False  |       |       |       |       |       |       |True   |True   |
Divide |True   |divd   |r10    |r8     |r2     |       |       |False  |False  |

------------------------------------------------Status Registradores-------------------------------------------------
    |R0     |R1     |R2     |R3     |R4     |R5     |R6     |R7     |R8     |R9     |R10    |R11    |R12    |RB     |
UF  |       |       |       |       |       |       |       |       |       |       |Divide |       |       |       |       |
---------------------------------------------------------------------------------------------------------------------

Clock:46
----------------------------------------Status Operacoes----------------------------------------
OP    |Fi    |Fj    |Fk    |issue           |read            |execution       |Write           |
addd  |r1    |r2    |r3    |2               |3               |     4 - 5      |6               |
subd  |r10   |r12   |r1    |7               |8               |     9 - 10     |11              |
addd  |r8    |r12   |r3    |12              |13              |    14 - 15     |16              |
divd  |r10   |r8    |r2    |13              |17              |     18 -       |                |
muld  |r8    |r7    |r6    |17              |18              |    19 - 28     |29              |

---------------------------Status Unidades funcionais---------------------------
FU     |Busy   |OP     |Fi     |Fj     |Fk     |Qj     |Qk     |Rj     |Rk     |
Integer|False  |       |       |       |       |       |       |True   |True   |
Mult1  |False  |       |       |       |       |       |       |True   |True   |
Mult2  |False  |       |       |       |       |       |       |True   |True   |
Add    |False  |       |       |       |       |       |       |True   |True   |
Divide |True   |divd   |r10    |r8     |r2     |       |       |False  |False  |

------------------------------------------------Status Registradores-------------------------------------------------
    |R0     |R1     |R2     |R3     |R4     |R5     |R6     |R7     |R8     |R9     |R10    |R11    |R12    |RB     |
UF  |       |       |       |       |       |       |       |       |       |       |Divide |       |       |       |       |
---------------------------------------------------------------------------------------------------------------------

Clock:47
----------------------------------------Status Operacoes----------------------------------------
OP    |Fi    |Fj    |Fk    |issue           |read            |execution       |Write           |
addd  |r1    |r2    |r3    |2               |3               |     4 - 5      |6               |
subd  |r10   |r12   |r1    |7               |8               |     9 - 10     |11              |
addd  |r8    |r12   |r3    |12              |13              |    14 - 15     |16              |
divd  |r10   |r8    |r2    |13              |17              |     18 -       |                |
muld  |r8    |r7    |r6    |17              |18              |    19 - 28     |29              |

---------------------------Status Unidades funcionais---------------------------
FU     |Busy   |OP     |Fi     |Fj     |Fk     |Qj     |Qk     |Rj     |Rk     |
Integer|False  |       |       |       |       |       |       |True   |True   |
Mult1  |False  |       |       |       |       |       |       |True   |True   |
Mult2  |False  |       |       |       |       |       |       |True   |True   |
Add    |False  |       |       |       |       |       |       |True   |True   |
Divide |True   |divd   |r10    |r8     |r2     |       |       |False  |False  |

------------------------------------------------Status Registradores-------------------------------------------------
    |R0     |R1     |R2     |R3     |R4     |R5     |R6     |R7     |R8     |R9     |R10    |R11    |R12    |RB     |
UF  |       |       |       |       |       |       |       |       |       |       |Divide |       |       |       |       |
---------------------------------------------------------------------------------------------------------------------

Clock:48
----------------------------------------Status Operacoes----------------------------------------
OP    |Fi    |Fj    |Fk    |issue           |read            |execution       |Write           |
addd  |r1    |r2    |r3    |2               |3               |     4 - 5      |6               |
subd  |r10   |r12   |r1    |7               |8               |     9 - 10     |11              |
addd  |r8    |r12   |r3    |12              |13              |    14 - 15     |16              |
divd  |r10   |r8    |r2    |13              |17              |     18 -       |                |
muld  |r8    |r7    |r6    |17              |18              |    19 - 28     |29              |

---------------------------Status Unidades funcionais---------------------------
FU     |Busy   |OP     |Fi     |Fj     |Fk     |Qj     |Qk     |Rj     |Rk     |
Integer|False  |       |       |       |       |       |       |True   |True   |
Mult1  |False  |       |       |       |       |       |       |True   |True   |
Mult2  |False  |       |       |       |       |       |       |True   |True   |
Add    |False  |       |       |       |       |       |       |True   |True   |
Divide |True   |divd   |r10    |r8     |r2     |       |       |False  |False  |

------------------------------------------------Status Registradores-------------------------------------------------
    |R0     |R1     |R2     |R3     |R4     |R5     |R6     |R7     |R8     |R9     |R10    |R11    |R12    |RB     |
UF  |       |       |       |       |       |       |       |       |       |       |Divide |       |       |       |       |
---------------------------------------------------------------------------------------------------------------------

Clock:49
----------------------------------------Status Operacoes----------------------------------------
OP    |Fi    |Fj    |Fk    |issue           |read            |execution       |Write           |
addd  |r1    |r2    |r3    |2               |3               |     4 - 5      |6               |
subd  |r10   |r12   |r1    |7               |8               |     9 - 10     |11              |
addd  |r8    |r12   |r3    |12              |13              |    14 - 15     |16              |
divd  |r10   |r8    |r2    |13              |17              |     18 -       |                |
muld  |r8    |r7    |r6    |17              |18              |    19 - 28     |29              |

---------------------------Status Unidades funcionais---------------------------
FU     |Busy   |OP     |Fi     |Fj     |Fk     |Qj     |Qk     |Rj     |Rk     |
Integer|False  |       |       |       |       |       |       |True   |True   |
Mult1  |False  |       |       |       |       |       |       |True   |True   |
Mult2  |False  |       |       |       |       |       |       |True   |True   |
Add    |False  |       |       |       |       |       |       |True   |True   |
Divide |True   |divd   |r10    |r8     |r2     |       |       |False  |False  |

------------------------------------------------Status Registradores-------------------------------------------------
    |R0     |R1     |R2     |R3     |R4     |R5     |R6     |R7     |R8     |R9     |R10    |R11    |R12    |RB     |
UF  |       |       |       |       |       |       |       |       |       |       |Divide |       |       |       |       |
---------------------------------------------------------------------------------------------------------------------

Clock:50
----------------------------------------Status Operacoes----------------------------------------
OP    |Fi    |Fj    |Fk    |issue           |read            |execution       |Write           |
addd  |r1    |r2    |r3    |2               |3               |     4 - 5      |6               |
subd  |r10   |r12   |r1    |7               |8               |     9 - 10     |11              |
addd  |r8    |r12   |r3    |12              |13              |    14 - 15     |16              |
divd  |r10   |r8    |r2    |13              |17              |     18 -       |                |
muld  |r8    |r7    |r6    |17              |18              |    19 - 28     |29              |

---------------------------Status Unidades funcionais---------------------------
FU     |Busy   |OP     |Fi     |Fj     |Fk     |Qj     |Qk     |Rj     |Rk     |
Integer|False  |       |       |       |       |       |       |True   |True   |
Mult1  |False  |       |       |       |       |       |       |True   |True   |
Mult2  |False  |       |       |       |       |       |       |True   |True   |
Add    |False  |       |       |       |       |       |       |True   |True   |
Divide |True   |divd   |r10    |r8     |r2     |       |       |False  |False  |

------------------------------------------------Status Registradores-------------------------------------------------
    |R0     |R1     |R2     |R3     |R4     |R5     |R6     |R7     |R8     |R9     |R10    |R11    |R12    |RB     |
UF  |       |       |       |       |       |       |       |       |       |       |Divide |       |       |       |       |
---------------------------------------------------------------------------------------------------------------------

Clock:51
----------------------------------------Status Operacoes----------------------------------------
OP    |Fi    |Fj    |Fk    |issue           |read            |execution       |Write           |
addd  |r1    |r2    |r3    |2               |3               |     4 - 5      |6               |
subd  |r10   |r12   |r1    |7               |8               |     9 - 10     |11              |
addd  |r8    |r12   |r3    |12              |13              |    14 - 15     |16              |
divd  |r10   |r8    |r2    |13              |17              |     18 -       |                |
muld  |r8    |r7    |r6    |17              |18              |    19 - 28     |29              |

---------------------------Status Unidades funcionais---------------------------
FU     |Busy   |OP     |Fi     |Fj     |Fk     |Qj     |Qk     |Rj     |Rk     |
Integer|False  |       |       |       |       |       |       |True   |True   |
Mult1  |False  |       |       |       |       |       |       |True   |True   |
Mult2  |False  |       |       |       |       |       |       |True   |True   |
Add    |False  |       |       |       |       |       |       |True   |True   |
Divide |True   |divd   |r10    |r8     |r2     |       |       |False  |False  |

------------------------------------------------Status Registradores-------------------------------------------------
    |R0     |R1     |R2     |R3     |R4     |R5     |R6     |R7     |R8     |R9     |R10    |R11    |R12    |RB     |
UF  |       |       |       |       |       |       |       |       |       |       |Divide |       |       |       |       |
---------------------------------------------------------------------------------------------------------------------

Clock:52
----------------------------------------Status Operacoes----------------------------------------
OP    |Fi    |Fj    |Fk    |issue           |read            |execution       |Write           |
addd  |r1    |r2    |r3    |2               |3               |     4 - 5      |6               |
subd  |r10   |r12   |r1    |7               |8               |     9 - 10     |11              |
addd  |r8    |r12   |r3    |12              |13              |    14 - 15     |16              |
divd  |r10   |r8    |r2    |13              |17              |     18 -       |                |
muld  |r8    |r7    |r6    |17              |18              |    19 - 28     |29              |

---------------------------Status Unidades funcionais---------------------------
FU     |Busy   |OP     |Fi     |Fj     |Fk     |Qj     |Qk     |Rj     |Rk     |
Integer|False  |       |       |       |       |       |       |True   |True   |
Mult1  |False  |       |       |       |       |       |       |True   |True   |
Mult2  |False  |       |       |       |       |       |       |True   |True   |
Add    |False  |       |       |       |       |       |       |True   |True   |
Divide |True   |divd   |r10    |r8     |r2     |       |       |False  |False  |

------------------------------------------------Status Registradores-------------------------------------------------
    |R0     |R1     |R2     |R3     |R4     |R5     |R6     |R7     |R8     |R9     |R10    |R11    |R12    |RB     |
UF  |       |       |       |       |       |       |       |       |       |       |Divide |       |       |       |       |
---------------------------------------------------------------------------------------------------------------------

Clock:53
----------------------------------------Status Operacoes----------------------------------------
OP    |Fi    |Fj    |Fk    |issue           |read            |execution       |Write           |
addd  |r1    |r2    |r3    |2               |3               |     4 - 5      |6               |
subd  |r10   |r12   |r1    |7               |8               |     9 - 10     |11              |
addd  |r8    |r12   |r3    |12              |13              |    14 - 15     |16              |
divd  |r10   |r8    |r2    |13              |17              |     18 -       |                |
muld  |r8    |r7    |r6    |17              |18              |    19 - 28     |29              |

---------------------------Status Unidades funcionais---------------------------
FU     |Busy   |OP     |Fi     |Fj     |Fk     |Qj     |Qk     |Rj     |Rk     |
Integer|False  |       |       |       |       |       |       |True   |True   |
Mult1  |False  |       |       |       |       |       |       |True   |True   |
Mult2  |False  |       |       |       |       |       |       |True   |True   |
Add    |False  |       |       |       |       |       |       |True   |True   |
Divide |True   |divd   |r10    |r8     |r2     |       |       |False  |False  |

------------------------------------------------Status Registradores-------------------------------------------------
    |R0     |R1     |R2     |R3     |R4     |R5     |R6     |R7     |R8     |R9     |R10    |R11    |R12    |RB     |
UF  |       |       |       |       |       |       |       |       |       |       |Divide |       |       |       |       |
---------------------------------------------------------------------------------------------------------------------

Clock:54
----------------------------------------Status Operacoes----------------------------------------
OP    |Fi    |Fj    |Fk    |issue           |read            |execution       |Write           |
addd  |r1    |r2    |r3    |2               |3               |     4 - 5      |6               |
subd  |r10   |r12   |r1    |7               |8               |     9 - 10     |11              |
addd  |r8    |r12   |r3    |12              |13              |    14 - 15     |16              |
divd  |r10   |r8    |r2    |13              |17              |     18 -       |                |
muld  |r8    |r7    |r6    |17              |18              |    19 - 28     |29              |

---------------------------Status Unidades funcionais---------------------------
FU     |Busy   |OP     |Fi     |Fj     |Fk     |Qj     |Qk     |Rj     |Rk     |
Integer|False  |       |       |       |       |       |       |True   |True   |
Mult1  |False  |       |       |       |       |       |       |True   |True   |
Mult2  |False  |       |       |       |       |       |       |True   |True   |
Add    |False  |       |       |       |       |       |       |True   |True   |
Divide |True   |divd   |r10    |r8     |r2     |       |       |False  |False  |

------------------------------------------------Status Registradores-------------------------------------------------
    |R0     |R1     |R2     |R3     |R4     |R5     |R6     |R7     |R8     |R9     |R10    |R11    |R12    |RB     |
UF  |       |       |       |       |       |       |       |       |       |       |Divide |       |       |       |       |
---------------------------------------------------------------------------------------------------------------------

Clock:55
----------------------------------------Status Operacoes----------------------------------------
OP    |Fi    |Fj    |Fk    |issue           |read            |execution       |Write           |
addd  |r1    |r2    |r3    |2               |3               |     4 - 5      |6               |
subd  |r10   |r12   |r1    |7               |8               |     9 - 10     |11              |
addd  |r8    |r12   |r3    |12              |13              |    14 - 15     |16              |
divd  |r10   |r8    |r2    |13              |17              |     18 -       |                |
muld  |r8    |r7    |r6    |17              |18              |    19 - 28     |29              |

---------------------------Status Unidades funcionais---------------------------
FU     |Busy   |OP     |Fi     |Fj     |Fk     |Qj     |Qk     |Rj     |Rk     |
Integer|False  |       |       |       |       |       |       |True   |True   |
Mult1  |False  |       |       |       |       |       |       |True   |True   |
Mult2  |False  |       |       |       |       |       |       |True   |True   |
Add    |False  |       |       |       |       |       |       |True   |True   |
Divide |True   |divd   |r10    |r8     |r2     |       |       |False  |False  |

------------------------------------------------Status Registradores-------------------------------------------------
    |R0     |R1     |R2     |R3     |R4     |R5     |R6     |R7     |R8     |R9     |R10    |R11    |R12    |RB     |
UF  |       |       |       |       |       |       |       |       |       |       |Divide |       |       |       |       |
---------------------------------------------------------------------------------------------------------------------

Clock:56
----------------------------------------Status Operacoes----------------------------------------
OP    |Fi    |Fj    |Fk    |issue           |read            |execution       |Write           |
addd  |r1    |r2    |r3    |2               |3               |     4 - 5      |6               |
subd  |r10   |r12   |r1    |7               |8               |     9 - 10     |11              |
addd  |r8    |r12   |r3    |12              |13              |    14 - 15     |16              |
divd  |r10   |r8    |r2    |13              |17              |     18 -       |                |
muld  |r8    |r7    |r6    |17              |18              |    19 - 28     |29              |

---------------------------Status Unidades funcionais---------------------------
FU     |Busy   |OP     |Fi     |Fj     |Fk     |Qj     |Qk     |Rj     |Rk     |
Integer|False  |       |       |       |       |       |       |True   |True   |
Mult1  |False  |       |       |       |       |       |       |True   |True   |
Mult2  |False  |       |       |       |       |       |       |True   |True   |
Add    |False  |       |       |       |       |       |       |True   |True   |
Divide |True   |divd   |r10    |r8     |r2     |       |       |False  |False  |

------------------------------------------------Status Registradores-------------------------------------------------
    |R0     |R1     |R2     |R3     |R4     |R5     |R6     |R7     |R8     |R9     |R10    |R11    |R12    |RB     |
UF  |       |       |       |       |       |       |       |       |       |       |Divide |       |       |       |       |
---------------------------------------------------------------------------------------------------------------------

Clock:57
----------------------------------------Status Operacoes----------------------------------------
OP    |Fi    |Fj    |Fk    |issue           |read            |execution       |Write           |
addd  |r1    |r2    |r3    |2               |3               |     4 - 5      |6               |
subd  |r10   |r12   |r1    |7               |8               |     9 - 10     |11              |
addd  |r8    |r12   |r3    |12              |13              |    14 - 15     |16              |
divd  |r10   |r8    |r2    |13              |17              |    18 - 57     |                |
muld  |r8    |r7    |r6    |17              |18              |    19 - 28     |29              |

---------------------------Status Unidades funcionais---------------------------
FU     |Busy   |OP     |Fi     |Fj     |Fk     |Qj     |Qk     |Rj     |Rk     |
Integer|False  |       |       |       |       |       |       |True   |True   |
Mult1  |False  |       |       |       |       |       |       |True   |True   |
Mult2  |False  |       |       |       |       |       |       |True   |True   |
Add    |False  |       |       |       |       |       |       |True   |True   |
Divide |True   |divd   |r10    |r8     |r2     |       |       |False  |False  |

------------------------------------------------Status Registradores-------------------------------------------------
    |R0     |R1     |R2     |R3     |R4     |R5     |R6     |R7     |R8     |R9     |R10    |R11    |R12    |RB     |
UF  |       |       |       |       |       |       |       |       |       |       |Divide |       |       |       |       |
---------------------------------------------------------------------------------------------------------------------

Clock:58
----------------------------------------Status Operacoes----------------------------------------
OP    |Fi    |Fj    |Fk    |issue           |read            |execution       |Write           |
addd  |r1    |r2    |r3    |2               |3               |     4 - 5      |6               |
subd  |r10   |r12   |r1    |7               |8               |     9 - 10     |11              |
addd  |r8    |r12   |r3    |12              |13              |    14 - 15     |16              |
divd  |r10   |r8    |r2    |13              |17              |    18 - 57     |58              |
muld  |r8    |r7    |r6    |17              |18              |    19 - 28     |29              |

---------------------------Status Unidades funcionais---------------------------
FU     |Busy   |OP     |Fi     |Fj     |Fk     |Qj     |Qk     |Rj     |Rk     |
Integer|False  |       |       |       |       |       |       |True   |True   |
Mult1  |False  |       |       |       |       |       |       |True   |True   |
Mult2  |False  |       |       |       |       |       |       |True   |True   |
Add    |False  |       |       |       |       |       |       |True   |True   |
Divide |False  |       |       |       |       |       |       |True   |True   |

------------------------------------------------Status Registradores-------------------------------------------------
    |R0     |R1     |R2     |R3     |R4     |R5     |R6     |R7     |R8     |R9     |R10    |R11    |R12    |RB     |
UF  |       |       |       |       |       |       |       |       |       |       |       |       |       |       |       |
---------------------------------------------------------------------------------------------------------------------

Clock:59
----------------------------------------Status Operacoes----------------------------------------
OP    |Fi    |Fj    |Fk    |issue           |read            |execution       |Write           |
addd  |r1    |r2    |r3    |2               |3               |     4 - 5      |6               |
subd  |r10   |r12   |r1    |7               |8               |     9 - 10     |11              |
addd  |r8    |r12   |r3    |12              |13              |    14 - 15     |16              |
divd  |r10   |r8    |r2    |13              |17              |    18 - 57     |58              |
muld  |r8    |r7    |r6    |17              |18              |    19 - 28     |29              |

---------------------------Status Unidades funcionais---------------------------
FU     |Busy   |OP     |Fi     |Fj     |Fk     |Qj     |Qk     |Rj     |Rk     |
Integer|False  |       |       |       |       |       |       |True   |True   |
Mult1  |False  |       |       |       |       |       |       |True   |True   |
Mult2  |False  |       |       |       |       |       |       |True   |True   |
Add    |False  |       |       |       |       |       |       |True   |True   |
Divide |False  |       |       |       |       |       |       |True   |True   |

------------------------------------------------Status Registradores-------------------------------------------------
    |R0     |R1     |R2     |R3     |R4     |R5     |R6     |R7     |R8     |R9     |R10    |R11    |R12    |RB     |
UF  |       |       |       |       |       |       |       |       |       |       |       |       |       |       |       |
---------------------------------------------------------------------------------------------------------------------

