Clock:1
--------------------------------Status operacoes-------------------------------------
OP    |Fi  |Fj  |Fk  |issue		|read		|Execution	|write		|

------------------------Status Unidades Funcionais-------------------------
FU     | Busy	|OP    |Fi  |Fj  |Fk  |Qj       |Qk       |Rj     |Rk     |
Integer|False	|      |    |    |    |         |         |       |       |
Mult1  |False	|      |    |    |    |         |         |       |       |
Mult2  |False	|      |    |    |    |         |         |       |       |
Add    |False	|      |    |    |    |         |         |       |       |
Divide |False	|      |    |    |    |         |         |       |       |

----------------------------------------------Status Registradores--------------------------------------------------
    |R0     |R1     |R2     |R3     |R4     |R5     |R6     |R7     |R8     |R9     |R10    |R11    |R12    |RB     |
UF  |       |       |       |       |       |       |       |       |       |       |       |       |       |       |
--------------------------------------------------------------------------------------------------------------------

Clock:2
--------------------------------Status operacoes-------------------------------------
OP    |Fi  |Fj  |Fk  |issue		|read		|Execution	|write		|
ld    |r1  |10 |rb  |		2	|		|		|		|

------------------------Status Unidades Funcionais-------------------------
FU     | Busy	|OP    |Fi  |Fj  |Fk  |Qj       |Qk       |Rj     |Rk     |
Integer|True	|ld    |r1  |	 |rb  |         |         |True   |True   |
Mult1  |False	|      |    |    |    |         |         |       |       |
Mult2  |False	|      |    |    |    |         |         |       |       |
Add    |False	|      |    |    |    |         |         |       |       |
Divide |False	|      |    |    |    |         |         |       |       |

----------------------------------------------Status Registradores--------------------------------------------------
    |R0     |R1     |R2     |R3     |R4     |R5     |R6     |R7     |R8     |R9     |R10    |R11    |R12    |RB     |
UF  |       |Integer|       |       |       |       |       |       |       |       |       |       |       |       |
--------------------------------------------------------------------------------------------------------------------

Clock:3
--------------------------------Status operacoes-------------------------------------
OP    |Fi  |Fj  |Fk  |issue		|read		|Execution	|write		|
ld    |r1  |10 |rb  |		2	|3		|		|		|

------------------------Status Unidades Funcionais-------------------------
FU     | Busy	|OP    |Fi  |Fj  |Fk  |Qj       |Qk       |Rj     |Rk     |
Integer|True	|ld    |r1  |	 |rb  |         |         |False  |False  |
Mult1  |False	|      |    |    |    |         |         |       |       |
Mult2  |False	|      |    |    |    |         |         |       |       |
Add    |False	|      |    |    |    |         |         |       |       |
Divide |False	|      |    |    |    |         |         |       |       |

----------------------------------------------Status Registradores--------------------------------------------------
    |R0     |R1     |R2     |R3     |R4     |R5     |R6     |R7     |R8     |R9     |R10    |R11    |R12    |RB     |
UF  |       |Integer|       |       |       |       |       |       |       |       |       |       |       |       |
--------------------------------------------------------------------------------------------------------------------

Clock:4
--------------------------------Status operacoes-------------------------------------
OP    |Fi  |Fj  |Fk  |issue		|read		|Execution	|write		|
ld    |r1  |10 |rb  |		2	|3		|4-4		|		|

------------------------Status Unidades Funcionais-------------------------
FU     | Busy	|OP    |Fi  |Fj  |Fk  |Qj       |Qk       |Rj     |Rk     |
Integer|True	|ld    |r1  |	 |rb  |         |         |False  |False  |
Mult1  |False	|      |    |    |    |         |         |       |       |
Mult2  |False	|      |    |    |    |         |         |       |       |
Add    |False	|      |    |    |    |         |         |       |       |
Divide |False	|      |    |    |    |         |         |       |       |

----------------------------------------------Status Registradores--------------------------------------------------
    |R0     |R1     |R2     |R3     |R4     |R5     |R6     |R7     |R8     |R9     |R10    |R11    |R12    |RB     |
UF  |       |Integer|       |       |       |       |       |       |       |       |       |       |       |       |
--------------------------------------------------------------------------------------------------------------------

Clock:5
--------------------------------Status operacoes-------------------------------------
OP    |Fi  |Fj  |Fk  |issue		|read		|Execution	|write		|
ld    |r1  |10 |rb  |		2	|3		|4-4		|5		|

------------------------Status Unidades Funcionais-------------------------
FU     | Busy	|OP    |Fi  |Fj  |Fk  |Qj       |Qk       |Rj     |Rk     |
Integer|False	|      |    |    |    |         |         |       |       |
Mult1  |False	|      |    |    |    |         |         |       |       |
Mult2  |False	|      |    |    |    |         |         |       |       |
Add    |False	|      |    |    |    |         |         |       |       |
Divide |False	|      |    |    |    |         |         |       |       |

----------------------------------------------Status Registradores--------------------------------------------------
    |R0     |R1     |R2     |R3     |R4     |R5     |R6     |R7     |R8     |R9     |R10    |R11    |R12    |RB     |
UF  |       |       |       |       |       |       |       |       |       |       |       |       |       |       |
--------------------------------------------------------------------------------------------------------------------

Clock:6
--------------------------------Status operacoes-------------------------------------
OP    |Fi  |Fj  |Fk  |issue		|read		|Execution	|write		|
ld    |r1  |10 |rb  |		2	|3		|4-4		|5		|
ld    |r2  |-10 |rb  |		6	|		|		|		|

------------------------Status Unidades Funcionais-------------------------
FU     | Busy	|OP    |Fi  |Fj  |Fk  |Qj       |Qk       |Rj     |Rk     |
Integer|True	|ld    |r2  |	 |rb  |         |         |True   |True   |
Mult1  |False	|      |    |    |    |         |         |       |       |
Mult2  |False	|      |    |    |    |         |         |       |       |
Add    |False	|      |    |    |    |         |         |       |       |
Divide |False	|      |    |    |    |         |         |       |       |

----------------------------------------------Status Registradores--------------------------------------------------
    |R0     |R1     |R2     |R3     |R4     |R5     |R6     |R7     |R8     |R9     |R10    |R11    |R12    |RB     |
UF  |       |       |Integer|       |       |       |       |       |       |       |       |       |       |       |
--------------------------------------------------------------------------------------------------------------------

Clock:7
--------------------------------Status operacoes-------------------------------------
OP    |Fi  |Fj  |Fk  |issue		|read		|Execution	|write		|
ld    |r1  |10 |rb  |		2	|3		|4-4		|5		|
ld    |r2  |-10 |rb  |		6	|7		|		|		|

------------------------Status Unidades Funcionais-------------------------
FU     | Busy	|OP    |Fi  |Fj  |Fk  |Qj       |Qk       |Rj     |Rk     |
Integer|True	|ld    |r2  |	 |rb  |         |         |False  |False  |
Mult1  |False	|      |    |    |    |         |         |       |       |
Mult2  |False	|      |    |    |    |         |         |       |       |
Add    |False	|      |    |    |    |         |         |       |       |
Divide |False	|      |    |    |    |         |         |       |       |

----------------------------------------------Status Registradores--------------------------------------------------
    |R0     |R1     |R2     |R3     |R4     |R5     |R6     |R7     |R8     |R9     |R10    |R11    |R12    |RB     |
UF  |       |       |Integer|       |       |       |       |       |       |       |       |       |       |       |
--------------------------------------------------------------------------------------------------------------------

Clock:8
--------------------------------Status operacoes-------------------------------------
OP    |Fi  |Fj  |Fk  |issue		|read		|Execution	|write		|
ld    |r1  |10 |rb  |		2	|3		|4-4		|5		|
ld    |r2  |-10 |rb  |		6	|7		|8-8		|		|

------------------------Status Unidades Funcionais-------------------------
FU     | Busy	|OP    |Fi  |Fj  |Fk  |Qj       |Qk       |Rj     |Rk     |
Integer|True	|ld    |r2  |	 |rb  |         |         |False  |False  |
Mult1  |False	|      |    |    |    |         |         |       |       |
Mult2  |False	|      |    |    |    |         |         |       |       |
Add    |False	|      |    |    |    |         |         |       |       |
Divide |False	|      |    |    |    |         |         |       |       |

----------------------------------------------Status Registradores--------------------------------------------------
    |R0     |R1     |R2     |R3     |R4     |R5     |R6     |R7     |R8     |R9     |R10    |R11    |R12    |RB     |
UF  |       |       |Integer|       |       |       |       |       |       |       |       |       |       |       |
--------------------------------------------------------------------------------------------------------------------

Clock:9
--------------------------------Status operacoes-------------------------------------
OP    |Fi  |Fj  |Fk  |issue		|read		|Execution	|write		|
ld    |r1  |10 |rb  |		2	|3		|4-4		|5		|
ld    |r2  |-10 |rb  |		6	|7		|8-8		|9		|

------------------------Status Unidades Funcionais-------------------------
FU     | Busy	|OP    |Fi  |Fj  |Fk  |Qj       |Qk       |Rj     |Rk     |
Integer|False	|      |    |    |    |         |         |       |       |
Mult1  |False	|      |    |    |    |         |         |       |       |
Mult2  |False	|      |    |    |    |         |         |       |       |
Add    |False	|      |    |    |    |         |         |       |       |
Divide |False	|      |    |    |    |         |         |       |       |

----------------------------------------------Status Registradores--------------------------------------------------
    |R0     |R1     |R2     |R3     |R4     |R5     |R6     |R7     |R8     |R9     |R10    |R11    |R12    |RB     |
UF  |       |       |       |       |       |       |       |       |       |       |       |       |       |       |
--------------------------------------------------------------------------------------------------------------------

Clock:10
--------------------------------Status operacoes-------------------------------------
OP    |Fi  |Fj  |Fk  |issue		|read		|Execution	|write		|
ld    |r1  |10 |rb  |		2	|3		|4-4		|5		|
ld    |r2  |-10 |rb  |		6	|7		|8-8		|9		|
ld    |r3  |25 |rb  |		10	|		|		|		|

------------------------Status Unidades Funcionais-------------------------
FU     | Busy	|OP    |Fi  |Fj  |Fk  |Qj       |Qk       |Rj     |Rk     |
Integer|True	|ld    |r3  |	 |rb  |         |         |True   |True   |
Mult1  |False	|      |    |    |    |         |         |       |       |
Mult2  |False	|      |    |    |    |         |         |       |       |
Add    |False	|      |    |    |    |         |         |       |       |
Divide |False	|      |    |    |    |         |         |       |       |

----------------------------------------------Status Registradores--------------------------------------------------
    |R0     |R1     |R2     |R3     |R4     |R5     |R6     |R7     |R8     |R9     |R10    |R11    |R12    |RB     |
UF  |       |       |       |Integer|       |       |       |       |       |       |       |       |       |       |
--------------------------------------------------------------------------------------------------------------------

Clock:11
--------------------------------Status operacoes-------------------------------------
OP    |Fi  |Fj  |Fk  |issue		|read		|Execution	|write		|
ld    |r1  |10 |rb  |		2	|3		|4-4		|5		|
ld    |r2  |-10 |rb  |		6	|7		|8-8		|9		|
ld    |r3  |25 |rb  |		10	|11		|		|		|
addd  |r10 |r3  |r4  |		11	|		|		|		|

------------------------Status Unidades Funcionais-------------------------
FU     | Busy	|OP    |Fi  |Fj  |Fk  |Qj       |Qk       |Rj     |Rk     |
Integer|True	|ld    |r3  |	 |rb  |         |         |False  |False  |
Mult1  |False	|      |    |    |    |         |         |       |       |
Mult2  |False	|      |    |    |    |         |         |       |       |
Add    |True	|addd  |r10 |r3  |r4  |Integer  |         |False  |True   |
Divide |False	|      |    |    |    |         |         |       |       |

----------------------------------------------Status Registradores--------------------------------------------------
    |R0     |R1     |R2     |R3     |R4     |R5     |R6     |R7     |R8     |R9     |R10    |R11    |R12    |RB     |
UF  |       |       |       |Integer|       |       |       |       |       |       |Add    |       |       |       |
--------------------------------------------------------------------------------------------------------------------

Clock:12
--------------------------------Status operacoes-------------------------------------
OP    |Fi  |Fj  |Fk  |issue		|read		|Execution	|write		|
ld    |r1  |10 |rb  |		2	|3		|4-4		|5		|
ld    |r2  |-10 |rb  |		6	|7		|8-8		|9		|
ld    |r3  |25 |rb  |		10	|11		|12-12		|		|
addd  |r10 |r3  |r4  |		11	|		|		|		|

------------------------Status Unidades Funcionais-------------------------
FU     | Busy	|OP    |Fi  |Fj  |Fk  |Qj       |Qk       |Rj     |Rk     |
Integer|True	|ld    |r3  |	 |rb  |         |         |False  |False  |
Mult1  |False	|      |    |    |    |         |         |       |       |
Mult2  |False	|      |    |    |    |         |         |       |       |
Add    |True	|addd  |r10 |r3  |r4  |Integer  |         |False  |True   |
Divide |False	|      |    |    |    |         |         |       |       |

----------------------------------------------Status Registradores--------------------------------------------------
    |R0     |R1     |R2     |R3     |R4     |R5     |R6     |R7     |R8     |R9     |R10    |R11    |R12    |RB     |
UF  |       |       |       |Integer|       |       |       |       |       |       |Add    |       |       |       |
--------------------------------------------------------------------------------------------------------------------

Clock:13
--------------------------------Status operacoes-------------------------------------
OP    |Fi  |Fj  |Fk  |issue		|read		|Execution	|write		|
ld    |r1  |10 |rb  |		2	|3		|4-4		|5		|
ld    |r2  |-10 |rb  |		6	|7		|8-8		|9		|
ld    |r3  |25 |rb  |		10	|11		|12-12		|13		|
addd  |r10 |r3  |r4  |		11	|		|		|		|

------------------------Status Unidades Funcionais-------------------------
FU     | Busy	|OP    |Fi  |Fj  |Fk  |Qj       |Qk       |Rj     |Rk     |
Integer|False	|      |    |    |    |         |         |       |       |
Mult1  |False	|      |    |    |    |         |         |       |       |
Mult2  |False	|      |    |    |    |         |         |       |       |
Add    |True	|addd  |r10 |r3  |r4  |         |         |True   |True   |
Divide |False	|      |    |    |    |         |         |       |       |

----------------------------------------------Status Registradores--------------------------------------------------
    |R0     |R1     |R2     |R3     |R4     |R5     |R6     |R7     |R8     |R9     |R10    |R11    |R12    |RB     |
UF  |       |       |       |       |       |       |       |       |       |       |Add    |       |       |       |
--------------------------------------------------------------------------------------------------------------------

Clock:14
--------------------------------Status operacoes-------------------------------------
OP    |Fi  |Fj  |Fk  |issue		|read		|Execution	|write		|
ld    |r1  |10 |rb  |		2	|3		|4-4		|5		|
ld    |r2  |-10 |rb  |		6	|7		|8-8		|9		|
ld    |r3  |25 |rb  |		10	|11		|12-12		|13		|
addd  |r10 |r3  |r4  |		11	|14		|		|		|
muld  |r3  |r4  |r5  |		14	|		|		|		|

------------------------Status Unidades Funcionais-------------------------
FU     | Busy	|OP    |Fi  |Fj  |Fk  |Qj       |Qk       |Rj     |Rk     |
Integer|False	|      |    |    |    |         |         |       |       |
Mult1  |True	|muld  |r3  |r4  |r5  |         |         |True   |True   |
Mult2  |False	|      |    |    |    |         |         |       |       |
Add    |True	|addd  |r10 |r3  |r4  |         |         |False  |False  |
Divide |False	|      |    |    |    |         |         |       |       |

----------------------------------------------Status Registradores--------------------------------------------------
    |R0     |R1     |R2     |R3     |R4     |R5     |R6     |R7     |R8     |R9     |R10    |R11    |R12    |RB     |
UF  |       |       |       |Mult1  |       |       |       |       |       |       |Add    |       |       |       |
--------------------------------------------------------------------------------------------------------------------

Clock:15
--------------------------------Status operacoes-------------------------------------
OP    |Fi  |Fj  |Fk  |issue		|read		|Execution	|write		|
ld    |r1  |10 |rb  |		2	|3		|4-4		|5		|
ld    |r2  |-10 |rb  |		6	|7		|8-8		|9		|
ld    |r3  |25 |rb  |		10	|11		|12-12		|13		|
addd  |r10 |r3  |r4  |		11	|14		|15 - 		|		|
muld  |r3  |r4  |r5  |		14	|15		|		|		|
divd  |r11 |r10 |r3  |		15	|		|		|		|

------------------------Status Unidades Funcionais-------------------------
FU     | Busy	|OP    |Fi  |Fj  |Fk  |Qj       |Qk       |Rj     |Rk     |
Integer|False	|      |    |    |    |         |         |       |       |
Mult1  |True	|muld  |r3  |r4  |r5  |         |         |False  |False  |
Mult2  |False	|      |    |    |    |         |         |       |       |
Add    |True	|addd  |r10 |r3  |r4  |         |         |False  |False  |
Divide |True	|divd  |r11 |r10 |r3  |Add      |Mult1    |False  |False  |

----------------------------------------------Status Registradores--------------------------------------------------
    |R0     |R1     |R2     |R3     |R4     |R5     |R6     |R7     |R8     |R9     |R10    |R11    |R12    |RB     |
UF  |       |       |       |Mult1  |       |       |       |       |       |       |Add    |Divide |       |       |
--------------------------------------------------------------------------------------------------------------------

Clock:16
--------------------------------Status operacoes-------------------------------------
OP    |Fi  |Fj  |Fk  |issue		|read		|Execution	|write		|
ld    |r1  |10 |rb  |		2	|3		|4-4		|5		|
ld    |r2  |-10 |rb  |		6	|7		|8-8		|9		|
ld    |r3  |25 |rb  |		10	|11		|12-12		|13		|
addd  |r10 |r3  |r4  |		11	|14		|15-16		|		|
muld  |r3  |r4  |r5  |		14	|15		|16 - 		|		|
divd  |r11 |r10 |r3  |		15	|		|		|		|

------------------------Status Unidades Funcionais-------------------------
FU     | Busy	|OP    |Fi  |Fj  |Fk  |Qj       |Qk       |Rj     |Rk     |
Integer|False	|      |    |    |    |         |         |       |       |
Mult1  |True	|muld  |r3  |r4  |r5  |         |         |False  |False  |
Mult2  |False	|      |    |    |    |         |         |       |       |
Add    |True	|addd  |r10 |r3  |r4  |         |         |False  |False  |
Divide |True	|divd  |r11 |r10 |r3  |Add      |Mult1    |False  |False  |

----------------------------------------------Status Registradores--------------------------------------------------
    |R0     |R1     |R2     |R3     |R4     |R5     |R6     |R7     |R8     |R9     |R10    |R11    |R12    |RB     |
UF  |       |       |       |Mult1  |       |       |       |       |       |       |Add    |Divide |       |       |
--------------------------------------------------------------------------------------------------------------------

Clock:17
--------------------------------Status operacoes-------------------------------------
OP    |Fi  |Fj  |Fk  |issue		|read		|Execution	|write		|
ld    |r1  |10 |rb  |		2	|3		|4-4		|5		|
ld    |r2  |-10 |rb  |		6	|7		|8-8		|9		|
ld    |r3  |25 |rb  |		10	|11		|12-12		|13		|
addd  |r10 |r3  |r4  |		11	|14		|15-16		|17		|
muld  |r3  |r4  |r5  |		14	|15		|16 - 		|		|
divd  |r11 |r10 |r3  |		15	|		|		|		|

------------------------Status Unidades Funcionais-------------------------
FU     | Busy	|OP    |Fi  |Fj  |Fk  |Qj       |Qk       |Rj     |Rk     |
Integer|False	|      |    |    |    |         |         |       |       |
Mult1  |True	|muld  |r3  |r4  |r5  |         |         |False  |False  |
Mult2  |False	|      |    |    |    |         |         |       |       |
Add    |False	|      |    |    |    |         |         |       |       |
Divide |True	|divd  |r11 |r10 |r3  |         |Mult1    |True   |False  |

----------------------------------------------Status Registradores--------------------------------------------------
    |R0     |R1     |R2     |R3     |R4     |R5     |R6     |R7     |R8     |R9     |R10    |R11    |R12    |RB     |
UF  |       |       |       |Mult1  |       |       |       |       |       |       |       |Divide |       |       |
--------------------------------------------------------------------------------------------------------------------

Clock:18
--------------------------------Status operacoes-------------------------------------
OP    |Fi  |Fj  |Fk  |issue		|read		|Execution	|write		|
ld    |r1  |10 |rb  |		2	|3		|4-4		|5		|
ld    |r2  |-10 |rb  |		6	|7		|8-8		|9		|
ld    |r3  |25 |rb  |		10	|11		|12-12		|13		|
addd  |r10 |r3  |r4  |		11	|14		|15-16		|17		|
muld  |r3  |r4  |r5  |		14	|15		|16 - 		|		|
divd  |r11 |r10 |r3  |		15	|		|		|		|
ld    |r10 |25 |rb  |		18	|		|		|		|

------------------------Status Unidades Funcionais-------------------------
FU     | Busy	|OP    |Fi  |Fj  |Fk  |Qj       |Qk       |Rj     |Rk     |
Integer|True	|ld    |r10 |	 |rb  |         |         |True   |True   |
Mult1  |True	|muld  |r3  |r4  |r5  |         |         |False  |False  |
Mult2  |False	|      |    |    |    |         |         |       |       |
Add    |False	|      |    |    |    |         |         |       |       |
Divide |True	|divd  |r11 |r10 |r3  |         |Mult1    |True   |False  |

----------------------------------------------Status Registradores--------------------------------------------------
    |R0     |R1     |R2     |R3     |R4     |R5     |R6     |R7     |R8     |R9     |R10    |R11    |R12    |RB     |
UF  |       |       |       |Mult1  |       |       |       |       |       |       |Integer|Divide |       |       |
--------------------------------------------------------------------------------------------------------------------

Clock:19
--------------------------------Status operacoes-------------------------------------
OP    |Fi  |Fj  |Fk  |issue		|read		|Execution	|write		|
ld    |r1  |10 |rb  |		2	|3		|4-4		|5		|
ld    |r2  |-10 |rb  |		6	|7		|8-8		|9		|
ld    |r3  |25 |rb  |		10	|11		|12-12		|13		|
addd  |r10 |r3  |r4  |		11	|14		|15-16		|17		|
muld  |r3  |r4  |r5  |		14	|15		|16 - 		|		|
divd  |r11 |r10 |r3  |		15	|		|		|		|
ld    |r10 |25 |rb  |		18	|19		|		|		|

------------------------Status Unidades Funcionais-------------------------
FU     | Busy	|OP    |Fi  |Fj  |Fk  |Qj       |Qk       |Rj     |Rk     |
Integer|True	|ld    |r10 |	 |rb  |         |         |False  |False  |
Mult1  |True	|muld  |r3  |r4  |r5  |         |         |False  |False  |
Mult2  |False	|      |    |    |    |         |         |       |       |
Add    |False	|      |    |    |    |         |         |       |       |
Divide |True	|divd  |r11 |r10 |r3  |         |Mult1    |True   |False  |

----------------------------------------------Status Registradores--------------------------------------------------
    |R0     |R1     |R2     |R3     |R4     |R5     |R6     |R7     |R8     |R9     |R10    |R11    |R12    |RB     |
UF  |       |       |       |Mult1  |       |       |       |       |       |       |Integer|Divide |       |       |
--------------------------------------------------------------------------------------------------------------------

Clock:20
--------------------------------Status operacoes-------------------------------------
OP    |Fi  |Fj  |Fk  |issue		|read		|Execution	|write		|
ld    |r1  |10 |rb  |		2	|3		|4-4		|5		|
ld    |r2  |-10 |rb  |		6	|7		|8-8		|9		|
ld    |r3  |25 |rb  |		10	|11		|12-12		|13		|
addd  |r10 |r3  |r4  |		11	|14		|15-16		|17		|
muld  |r3  |r4  |r5  |		14	|15		|16 - 		|		|
divd  |r11 |r10 |r3  |		15	|		|		|		|
ld    |r10 |25 |rb  |		18	|19		|20-20		|		|

------------------------Status Unidades Funcionais-------------------------
FU     | Busy	|OP    |Fi  |Fj  |Fk  |Qj       |Qk       |Rj     |Rk     |
Integer|True	|ld    |r10 |	 |rb  |         |         |False  |False  |
Mult1  |True	|muld  |r3  |r4  |r5  |         |         |False  |False  |
Mult2  |False	|      |    |    |    |         |         |       |       |
Add    |False	|      |    |    |    |         |         |       |       |
Divide |True	|divd  |r11 |r10 |r3  |         |Mult1    |True   |False  |

----------------------------------------------Status Registradores--------------------------------------------------
    |R0     |R1     |R2     |R3     |R4     |R5     |R6     |R7     |R8     |R9     |R10    |R11    |R12    |RB     |
UF  |       |       |       |Mult1  |       |       |       |       |       |       |Integer|Divide |       |       |
--------------------------------------------------------------------------------------------------------------------

Clock:21
--------------------------------Status operacoes-------------------------------------
OP    |Fi  |Fj  |Fk  |issue		|read		|Execution	|write		|
ld    |r1  |10 |rb  |		2	|3		|4-4		|5		|
ld    |r2  |-10 |rb  |		6	|7		|8-8		|9		|
ld    |r3  |25 |rb  |		10	|11		|12-12		|13		|
addd  |r10 |r3  |r4  |		11	|14		|15-16		|17		|
muld  |r3  |r4  |r5  |		14	|15		|16 - 		|		|
divd  |r11 |r10 |r3  |		15	|		|		|		|
ld    |r10 |25 |rb  |		18	|19		|20-20		|		|

------------------------Status Unidades Funcionais-------------------------
FU     | Busy	|OP    |Fi  |Fj  |Fk  |Qj       |Qk       |Rj     |Rk     |
Integer|True	|ld    |r10 |	 |rb  |         |         |False  |False  |
Mult1  |True	|muld  |r3  |r4  |r5  |         |         |False  |False  |
Mult2  |False	|      |    |    |    |         |         |       |       |
Add    |False	|      |    |    |    |         |         |       |       |
Divide |True	|divd  |r11 |r10 |r3  |         |Mult1    |True   |False  |

----------------------------------------------Status Registradores--------------------------------------------------
    |R0     |R1     |R2     |R3     |R4     |R5     |R6     |R7     |R8     |R9     |R10    |R11    |R12    |RB     |
UF  |       |       |       |Mult1  |       |       |       |       |       |       |Integer|Divide |       |       |
--------------------------------------------------------------------------------------------------------------------

Clock:22
--------------------------------Status operacoes-------------------------------------
OP    |Fi  |Fj  |Fk  |issue		|read		|Execution	|write		|
ld    |r1  |10 |rb  |		2	|3		|4-4		|5		|
ld    |r2  |-10 |rb  |		6	|7		|8-8		|9		|
ld    |r3  |25 |rb  |		10	|11		|12-12		|13		|
addd  |r10 |r3  |r4  |		11	|14		|15-16		|17		|
muld  |r3  |r4  |r5  |		14	|15		|16 - 		|		|
divd  |r11 |r10 |r3  |		15	|		|		|		|
ld    |r10 |25 |rb  |		18	|19		|20-20		|		|

------------------------Status Unidades Funcionais-------------------------
FU     | Busy	|OP    |Fi  |Fj  |Fk  |Qj       |Qk       |Rj     |Rk     |
Integer|True	|ld    |r10 |	 |rb  |         |         |False  |False  |
Mult1  |True	|muld  |r3  |r4  |r5  |         |         |False  |False  |
Mult2  |False	|      |    |    |    |         |         |       |       |
Add    |False	|      |    |    |    |         |         |       |       |
Divide |True	|divd  |r11 |r10 |r3  |         |Mult1    |True   |False  |

----------------------------------------------Status Registradores--------------------------------------------------
    |R0     |R1     |R2     |R3     |R4     |R5     |R6     |R7     |R8     |R9     |R10    |R11    |R12    |RB     |
UF  |       |       |       |Mult1  |       |       |       |       |       |       |Integer|Divide |       |       |
--------------------------------------------------------------------------------------------------------------------

Clock:23
--------------------------------Status operacoes-------------------------------------
OP    |Fi  |Fj  |Fk  |issue		|read		|Execution	|write		|
ld    |r1  |10 |rb  |		2	|3		|4-4		|5		|
ld    |r2  |-10 |rb  |		6	|7		|8-8		|9		|
ld    |r3  |25 |rb  |		10	|11		|12-12		|13		|
addd  |r10 |r3  |r4  |		11	|14		|15-16		|17		|
muld  |r3  |r4  |r5  |		14	|15		|16 - 		|		|
divd  |r11 |r10 |r3  |		15	|		|		|		|
ld    |r10 |25 |rb  |		18	|19		|20-20		|		|

------------------------Status Unidades Funcionais-------------------------
FU     | Busy	|OP    |Fi  |Fj  |Fk  |Qj       |Qk       |Rj     |Rk     |
Integer|True	|ld    |r10 |	 |rb  |         |         |False  |False  |
Mult1  |True	|muld  |r3  |r4  |r5  |         |         |False  |False  |
Mult2  |False	|      |    |    |    |         |         |       |       |
Add    |False	|      |    |    |    |         |         |       |       |
Divide |True	|divd  |r11 |r10 |r3  |         |Mult1    |True   |False  |

----------------------------------------------Status Registradores--------------------------------------------------
    |R0     |R1     |R2     |R3     |R4     |R5     |R6     |R7     |R8     |R9     |R10    |R11    |R12    |RB     |
UF  |       |       |       |Mult1  |       |       |       |       |       |       |Integer|Divide |       |       |
--------------------------------------------------------------------------------------------------------------------

Clock:24
--------------------------------Status operacoes-------------------------------------
OP    |Fi  |Fj  |Fk  |issue		|read		|Execution	|write		|
ld    |r1  |10 |rb  |		2	|3		|4-4		|5		|
ld    |r2  |-10 |rb  |		6	|7		|8-8		|9		|
ld    |r3  |25 |rb  |		10	|11		|12-12		|13		|
addd  |r10 |r3  |r4  |		11	|14		|15-16		|17		|
muld  |r3  |r4  |r5  |		14	|15		|16 - 		|		|
divd  |r11 |r10 |r3  |		15	|		|		|		|
ld    |r10 |25 |rb  |		18	|19		|20-20		|		|

------------------------Status Unidades Funcionais-------------------------
FU     | Busy	|OP    |Fi  |Fj  |Fk  |Qj       |Qk       |Rj     |Rk     |
Integer|True	|ld    |r10 |	 |rb  |         |         |False  |False  |
Mult1  |True	|muld  |r3  |r4  |r5  |         |         |False  |False  |
Mult2  |False	|      |    |    |    |         |         |       |       |
Add    |False	|      |    |    |    |         |         |       |       |
Divide |True	|divd  |r11 |r10 |r3  |         |Mult1    |True   |False  |

----------------------------------------------Status Registradores--------------------------------------------------
    |R0     |R1     |R2     |R3     |R4     |R5     |R6     |R7     |R8     |R9     |R10    |R11    |R12    |RB     |
UF  |       |       |       |Mult1  |       |       |       |       |       |       |Integer|Divide |       |       |
--------------------------------------------------------------------------------------------------------------------

Clock:25
--------------------------------Status operacoes-------------------------------------
OP    |Fi  |Fj  |Fk  |issue		|read		|Execution	|write		|
ld    |r1  |10 |rb  |		2	|3		|4-4		|5		|
ld    |r2  |-10 |rb  |		6	|7		|8-8		|9		|
ld    |r3  |25 |rb  |		10	|11		|12-12		|13		|
addd  |r10 |r3  |r4  |		11	|14		|15-16		|17		|
muld  |r3  |r4  |r5  |		14	|15		|16-25		|		|
divd  |r11 |r10 |r3  |		15	|		|		|		|
ld    |r10 |25 |rb  |		18	|19		|20-20		|		|

------------------------Status Unidades Funcionais-------------------------
FU     | Busy	|OP    |Fi  |Fj  |Fk  |Qj       |Qk       |Rj     |Rk     |
Integer|True	|ld    |r10 |	 |rb  |         |         |False  |False  |
Mult1  |True	|muld  |r3  |r4  |r5  |         |         |False  |False  |
Mult2  |False	|      |    |    |    |         |         |       |       |
Add    |False	|      |    |    |    |         |         |       |       |
Divide |True	|divd  |r11 |r10 |r3  |         |Mult1    |True   |False  |

----------------------------------------------Status Registradores--------------------------------------------------
    |R0     |R1     |R2     |R3     |R4     |R5     |R6     |R7     |R8     |R9     |R10    |R11    |R12    |RB     |
UF  |       |       |       |Mult1  |       |       |       |       |       |       |Integer|Divide |       |       |
--------------------------------------------------------------------------------------------------------------------

Clock:26
--------------------------------Status operacoes-------------------------------------
OP    |Fi  |Fj  |Fk  |issue		|read		|Execution	|write		|
ld    |r1  |10 |rb  |		2	|3		|4-4		|5		|
ld    |r2  |-10 |rb  |		6	|7		|8-8		|9		|
ld    |r3  |25 |rb  |		10	|11		|12-12		|13		|
addd  |r10 |r3  |r4  |		11	|14		|15-16		|17		|
muld  |r3  |r4  |r5  |		14	|15		|16-25		|26		|
divd  |r11 |r10 |r3  |		15	|		|		|		|
ld    |r10 |25 |rb  |		18	|19		|20-20		|		|

------------------------Status Unidades Funcionais-------------------------
FU     | Busy	|OP    |Fi  |Fj  |Fk  |Qj       |Qk       |Rj     |Rk     |
Integer|True	|ld    |r10 |	 |rb  |         |         |False  |False  |
Mult1  |False	|      |    |    |    |         |         |       |       |
Mult2  |False	|      |    |    |    |         |         |       |       |
Add    |False	|      |    |    |    |         |         |       |       |
Divide |True	|divd  |r11 |r10 |r3  |         |         |True   |True   |

----------------------------------------------Status Registradores--------------------------------------------------
    |R0     |R1     |R2     |R3     |R4     |R5     |R6     |R7     |R8     |R9     |R10    |R11    |R12    |RB     |
UF  |       |       |       |       |       |       |       |       |       |       |Integer|Divide |       |       |
--------------------------------------------------------------------------------------------------------------------

Clock:27
--------------------------------Status operacoes-------------------------------------
OP    |Fi  |Fj  |Fk  |issue		|read		|Execution	|write		|
ld    |r1  |10 |rb  |		2	|3		|4-4		|5		|
ld    |r2  |-10 |rb  |		6	|7		|8-8		|9		|
ld    |r3  |25 |rb  |		10	|11		|12-12		|13		|
addd  |r10 |r3  |r4  |		11	|14		|15-16		|17		|
muld  |r3  |r4  |r5  |		14	|15		|16-25		|26		|
divd  |r11 |r10 |r3  |		15	|27		|		|		|
ld    |r10 |25 |rb  |		18	|19		|20-20		|		|

------------------------Status Unidades Funcionais-------------------------
FU     | Busy	|OP    |Fi  |Fj  |Fk  |Qj       |Qk       |Rj     |Rk     |
Integer|True	|ld    |r10 |	 |rb  |         |         |False  |False  |
Mult1  |False	|      |    |    |    |         |         |       |       |
Mult2  |False	|      |    |    |    |         |         |       |       |
Add    |False	|      |    |    |    |         |         |       |       |
Divide |True	|divd  |r11 |r10 |r3  |         |         |False  |False  |

----------------------------------------------Status Registradores--------------------------------------------------
    |R0     |R1     |R2     |R3     |R4     |R5     |R6     |R7     |R8     |R9     |R10    |R11    |R12    |RB     |
UF  |       |       |       |       |       |       |       |       |       |       |Integer|Divide |       |       |
--------------------------------------------------------------------------------------------------------------------

Clock:28
--------------------------------Status operacoes-------------------------------------
OP    |Fi  |Fj  |Fk  |issue		|read		|Execution	|write		|
ld    |r1  |10 |rb  |		2	|3		|4-4		|5		|
ld    |r2  |-10 |rb  |		6	|7		|8-8		|9		|
ld    |r3  |25 |rb  |		10	|11		|12-12		|13		|
addd  |r10 |r3  |r4  |		11	|14		|15-16		|17		|
muld  |r3  |r4  |r5  |		14	|15		|16-25		|26		|
divd  |r11 |r10 |r3  |		15	|27		|28 - 		|		|
ld    |r10 |25 |rb  |		18	|19		|20-20		|28		|

------------------------Status Unidades Funcionais-------------------------
FU     | Busy	|OP    |Fi  |Fj  |Fk  |Qj       |Qk       |Rj     |Rk     |
Integer|False	|      |    |    |    |         |         |       |       |
Mult1  |False	|      |    |    |    |         |         |       |       |
Mult2  |False	|      |    |    |    |         |         |       |       |
Add    |False	|      |    |    |    |         |         |       |       |
Divide |True	|divd  |r11 |r10 |r3  |         |         |False  |False  |

----------------------------------------------Status Registradores--------------------------------------------------
    |R0     |R1     |R2     |R3     |R4     |R5     |R6     |R7     |R8     |R9     |R10    |R11    |R12    |RB     |
UF  |       |       |       |       |       |       |       |       |       |       |       |Divide |       |       |
--------------------------------------------------------------------------------------------------------------------

Clock:29
--------------------------------Status operacoes-------------------------------------
OP    |Fi  |Fj  |Fk  |issue		|read		|Execution	|write		|
ld    |r1  |10 |rb  |		2	|3		|4-4		|5		|
ld    |r2  |-10 |rb  |		6	|7		|8-8		|9		|
ld    |r3  |25 |rb  |		10	|11		|12-12		|13		|
addd  |r10 |r3  |r4  |		11	|14		|15-16		|17		|
muld  |r3  |r4  |r5  |		14	|15		|16-25		|26		|
divd  |r11 |r10 |r3  |		15	|27		|28 - 		|		|
ld    |r10 |25 |rb  |		18	|19		|20-20		|28		|

------------------------Status Unidades Funcionais-------------------------
FU     | Busy	|OP    |Fi  |Fj  |Fk  |Qj       |Qk       |Rj     |Rk     |
Integer|False	|      |    |    |    |         |         |       |       |
Mult1  |False	|      |    |    |    |         |         |       |       |
Mult2  |False	|      |    |    |    |         |         |       |       |
Add    |False	|      |    |    |    |         |         |       |       |
Divide |True	|divd  |r11 |r10 |r3  |         |         |False  |False  |

----------------------------------------------Status Registradores--------------------------------------------------
    |R0     |R1     |R2     |R3     |R4     |R5     |R6     |R7     |R8     |R9     |R10    |R11    |R12    |RB     |
UF  |       |       |       |       |       |       |       |       |       |       |       |Divide |       |       |
--------------------------------------------------------------------------------------------------------------------

Clock:30
--------------------------------Status operacoes-------------------------------------
OP    |Fi  |Fj  |Fk  |issue		|read		|Execution	|write		|
ld    |r1  |10 |rb  |		2	|3		|4-4		|5		|
ld    |r2  |-10 |rb  |		6	|7		|8-8		|9		|
ld    |r3  |25 |rb  |		10	|11		|12-12		|13		|
addd  |r10 |r3  |r4  |		11	|14		|15-16		|17		|
muld  |r3  |r4  |r5  |		14	|15		|16-25		|26		|
divd  |r11 |r10 |r3  |		15	|27		|28 - 		|		|
ld    |r10 |25 |rb  |		18	|19		|20-20		|28		|

------------------------Status Unidades Funcionais-------------------------
FU     | Busy	|OP    |Fi  |Fj  |Fk  |Qj       |Qk       |Rj     |Rk     |
Integer|False	|      |    |    |    |         |         |       |       |
Mult1  |False	|      |    |    |    |         |         |       |       |
Mult2  |False	|      |    |    |    |         |         |       |       |
Add    |False	|      |    |    |    |         |         |       |       |
Divide |True	|divd  |r11 |r10 |r3  |         |         |False  |False  |

----------------------------------------------Status Registradores--------------------------------------------------
    |R0     |R1     |R2     |R3     |R4     |R5     |R6     |R7     |R8     |R9     |R10    |R11    |R12    |RB     |
UF  |       |       |       |       |       |       |       |       |       |       |       |Divide |       |       |
--------------------------------------------------------------------------------------------------------------------

Clock:31
--------------------------------Status operacoes-------------------------------------
OP    |Fi  |Fj  |Fk  |issue		|read		|Execution	|write		|
ld    |r1  |10 |rb  |		2	|3		|4-4		|5		|
ld    |r2  |-10 |rb  |		6	|7		|8-8		|9		|
ld    |r3  |25 |rb  |		10	|11		|12-12		|13		|
addd  |r10 |r3  |r4  |		11	|14		|15-16		|17		|
muld  |r3  |r4  |r5  |		14	|15		|16-25		|26		|
divd  |r11 |r10 |r3  |		15	|27		|28 - 		|		|
ld    |r10 |25 |rb  |		18	|19		|20-20		|28		|

------------------------Status Unidades Funcionais-------------------------
FU     | Busy	|OP    |Fi  |Fj  |Fk  |Qj       |Qk       |Rj     |Rk     |
Integer|False	|      |    |    |    |         |         |       |       |
Mult1  |False	|      |    |    |    |         |         |       |       |
Mult2  |False	|      |    |    |    |         |         |       |       |
Add    |False	|      |    |    |    |         |         |       |       |
Divide |True	|divd  |r11 |r10 |r3  |         |         |False  |False  |

----------------------------------------------Status Registradores--------------------------------------------------
    |R0     |R1     |R2     |R3     |R4     |R5     |R6     |R7     |R8     |R9     |R10    |R11    |R12    |RB     |
UF  |       |       |       |       |       |       |       |       |       |       |       |Divide |       |       |
--------------------------------------------------------------------------------------------------------------------

Clock:32
--------------------------------Status operacoes-------------------------------------
OP    |Fi  |Fj  |Fk  |issue		|read		|Execution	|write		|
ld    |r1  |10 |rb  |		2	|3		|4-4		|5		|
ld    |r2  |-10 |rb  |		6	|7		|8-8		|9		|
ld    |r3  |25 |rb  |		10	|11		|12-12		|13		|
addd  |r10 |r3  |r4  |		11	|14		|15-16		|17		|
muld  |r3  |r4  |r5  |		14	|15		|16-25		|26		|
divd  |r11 |r10 |r3  |		15	|27		|28 - 		|		|
ld    |r10 |25 |rb  |		18	|19		|20-20		|28		|

------------------------Status Unidades Funcionais-------------------------
FU     | Busy	|OP    |Fi  |Fj  |Fk  |Qj       |Qk       |Rj     |Rk     |
Integer|False	|      |    |    |    |         |         |       |       |
Mult1  |False	|      |    |    |    |         |         |       |       |
Mult2  |False	|      |    |    |    |         |         |       |       |
Add    |False	|      |    |    |    |         |         |       |       |
Divide |True	|divd  |r11 |r10 |r3  |         |         |False  |False  |

----------------------------------------------Status Registradores--------------------------------------------------
    |R0     |R1     |R2     |R3     |R4     |R5     |R6     |R7     |R8     |R9     |R10    |R11    |R12    |RB     |
UF  |       |       |       |       |       |       |       |       |       |       |       |Divide |       |       |
--------------------------------------------------------------------------------------------------------------------

Clock:33
--------------------------------Status operacoes-------------------------------------
OP    |Fi  |Fj  |Fk  |issue		|read		|Execution	|write		|
ld    |r1  |10 |rb  |		2	|3		|4-4		|5		|
ld    |r2  |-10 |rb  |		6	|7		|8-8		|9		|
ld    |r3  |25 |rb  |		10	|11		|12-12		|13		|
addd  |r10 |r3  |r4  |		11	|14		|15-16		|17		|
muld  |r3  |r4  |r5  |		14	|15		|16-25		|26		|
divd  |r11 |r10 |r3  |		15	|27		|28 - 		|		|
ld    |r10 |25 |rb  |		18	|19		|20-20		|28		|

------------------------Status Unidades Funcionais-------------------------
FU     | Busy	|OP    |Fi  |Fj  |Fk  |Qj       |Qk       |Rj     |Rk     |
Integer|False	|      |    |    |    |         |         |       |       |
Mult1  |False	|      |    |    |    |         |         |       |       |
Mult2  |False	|      |    |    |    |         |         |       |       |
Add    |False	|      |    |    |    |         |         |       |       |
Divide |True	|divd  |r11 |r10 |r3  |         |         |False  |False  |

----------------------------------------------Status Registradores--------------------------------------------------
    |R0     |R1     |R2     |R3     |R4     |R5     |R6     |R7     |R8     |R9     |R10    |R11    |R12    |RB     |
UF  |       |       |       |       |       |       |       |       |       |       |       |Divide |       |       |
--------------------------------------------------------------------------------------------------------------------

Clock:34
--------------------------------Status operacoes-------------------------------------
OP    |Fi  |Fj  |Fk  |issue		|read		|Execution	|write		|
ld    |r1  |10 |rb  |		2	|3		|4-4		|5		|
ld    |r2  |-10 |rb  |		6	|7		|8-8		|9		|
ld    |r3  |25 |rb  |		10	|11		|12-12		|13		|
addd  |r10 |r3  |r4  |		11	|14		|15-16		|17		|
muld  |r3  |r4  |r5  |		14	|15		|16-25		|26		|
divd  |r11 |r10 |r3  |		15	|27		|28 - 		|		|
ld    |r10 |25 |rb  |		18	|19		|20-20		|28		|

------------------------Status Unidades Funcionais-------------------------
FU     | Busy	|OP    |Fi  |Fj  |Fk  |Qj       |Qk       |Rj     |Rk     |
Integer|False	|      |    |    |    |         |         |       |       |
Mult1  |False	|      |    |    |    |         |         |       |       |
Mult2  |False	|      |    |    |    |         |         |       |       |
Add    |False	|      |    |    |    |         |         |       |       |
Divide |True	|divd  |r11 |r10 |r3  |         |         |False  |False  |

----------------------------------------------Status Registradores--------------------------------------------------
    |R0     |R1     |R2     |R3     |R4     |R5     |R6     |R7     |R8     |R9     |R10    |R11    |R12    |RB     |
UF  |       |       |       |       |       |       |       |       |       |       |       |Divide |       |       |
--------------------------------------------------------------------------------------------------------------------

Clock:35
--------------------------------Status operacoes-------------------------------------
OP    |Fi  |Fj  |Fk  |issue		|read		|Execution	|write		|
ld    |r1  |10 |rb  |		2	|3		|4-4		|5		|
ld    |r2  |-10 |rb  |		6	|7		|8-8		|9		|
ld    |r3  |25 |rb  |		10	|11		|12-12		|13		|
addd  |r10 |r3  |r4  |		11	|14		|15-16		|17		|
muld  |r3  |r4  |r5  |		14	|15		|16-25		|26		|
divd  |r11 |r10 |r3  |		15	|27		|28 - 		|		|
ld    |r10 |25 |rb  |		18	|19		|20-20		|28		|

------------------------Status Unidades Funcionais-------------------------
FU     | Busy	|OP    |Fi  |Fj  |Fk  |Qj       |Qk       |Rj     |Rk     |
Integer|False	|      |    |    |    |         |         |       |       |
Mult1  |False	|      |    |    |    |         |         |       |       |
Mult2  |False	|      |    |    |    |         |         |       |       |
Add    |False	|      |    |    |    |         |         |       |       |
Divide |True	|divd  |r11 |r10 |r3  |         |         |False  |False  |

----------------------------------------------Status Registradores--------------------------------------------------
    |R0     |R1     |R2     |R3     |R4     |R5     |R6     |R7     |R8     |R9     |R10    |R11    |R12    |RB     |
UF  |       |       |       |       |       |       |       |       |       |       |       |Divide |       |       |
--------------------------------------------------------------------------------------------------------------------

Clock:36
--------------------------------Status operacoes-------------------------------------
OP    |Fi  |Fj  |Fk  |issue		|read		|Execution	|write		|
ld    |r1  |10 |rb  |		2	|3		|4-4		|5		|
ld    |r2  |-10 |rb  |		6	|7		|8-8		|9		|
ld    |r3  |25 |rb  |		10	|11		|12-12		|13		|
addd  |r10 |r3  |r4  |		11	|14		|15-16		|17		|
muld  |r3  |r4  |r5  |		14	|15		|16-25		|26		|
divd  |r11 |r10 |r3  |		15	|27		|28 - 		|		|
ld    |r10 |25 |rb  |		18	|19		|20-20		|28		|

------------------------Status Unidades Funcionais-------------------------
FU     | Busy	|OP    |Fi  |Fj  |Fk  |Qj       |Qk       |Rj     |Rk     |
Integer|False	|      |    |    |    |         |         |       |       |
Mult1  |False	|      |    |    |    |         |         |       |       |
Mult2  |False	|      |    |    |    |         |         |       |       |
Add    |False	|      |    |    |    |         |         |       |       |
Divide |True	|divd  |r11 |r10 |r3  |         |         |False  |False  |

----------------------------------------------Status Registradores--------------------------------------------------
    |R0     |R1     |R2     |R3     |R4     |R5     |R6     |R7     |R8     |R9     |R10    |R11    |R12    |RB     |
UF  |       |       |       |       |       |       |       |       |       |       |       |Divide |       |       |
--------------------------------------------------------------------------------------------------------------------

Clock:37
--------------------------------Status operacoes-------------------------------------
OP    |Fi  |Fj  |Fk  |issue		|read		|Execution	|write		|
ld    |r1  |10 |rb  |		2	|3		|4-4		|5		|
ld    |r2  |-10 |rb  |		6	|7		|8-8		|9		|
ld    |r3  |25 |rb  |		10	|11		|12-12		|13		|
addd  |r10 |r3  |r4  |		11	|14		|15-16		|17		|
muld  |r3  |r4  |r5  |		14	|15		|16-25		|26		|
divd  |r11 |r10 |r3  |		15	|27		|28 - 		|		|
ld    |r10 |25 |rb  |		18	|19		|20-20		|28		|

------------------------Status Unidades Funcionais-------------------------
FU     | Busy	|OP    |Fi  |Fj  |Fk  |Qj       |Qk       |Rj     |Rk     |
Integer|False	|      |    |    |    |         |         |       |       |
Mult1  |False	|      |    |    |    |         |         |       |       |
Mult2  |False	|      |    |    |    |         |         |       |       |
Add    |False	|      |    |    |    |         |         |       |       |
Divide |True	|divd  |r11 |r10 |r3  |         |         |False  |False  |

----------------------------------------------Status Registradores--------------------------------------------------
    |R0     |R1     |R2     |R3     |R4     |R5     |R6     |R7     |R8     |R9     |R10    |R11    |R12    |RB     |
UF  |       |       |       |       |       |       |       |       |       |       |       |Divide |       |       |
--------------------------------------------------------------------------------------------------------------------

Clock:38
--------------------------------Status operacoes-------------------------------------
OP    |Fi  |Fj  |Fk  |issue		|read		|Execution	|write		|
ld    |r1  |10 |rb  |		2	|3		|4-4		|5		|
ld    |r2  |-10 |rb  |		6	|7		|8-8		|9		|
ld    |r3  |25 |rb  |		10	|11		|12-12		|13		|
addd  |r10 |r3  |r4  |		11	|14		|15-16		|17		|
muld  |r3  |r4  |r5  |		14	|15		|16-25		|26		|
divd  |r11 |r10 |r3  |		15	|27		|28 - 		|		|
ld    |r10 |25 |rb  |		18	|19		|20-20		|28		|

------------------------Status Unidades Funcionais-------------------------
FU     | Busy	|OP    |Fi  |Fj  |Fk  |Qj       |Qk       |Rj     |Rk     |
Integer|False	|      |    |    |    |         |         |       |       |
Mult1  |False	|      |    |    |    |         |         |       |       |
Mult2  |False	|      |    |    |    |         |         |       |       |
Add    |False	|      |    |    |    |         |         |       |       |
Divide |True	|divd  |r11 |r10 |r3  |         |         |False  |False  |

----------------------------------------------Status Registradores--------------------------------------------------
    |R0     |R1     |R2     |R3     |R4     |R5     |R6     |R7     |R8     |R9     |R10    |R11    |R12    |RB     |
UF  |       |       |       |       |       |       |       |       |       |       |       |Divide |       |       |
--------------------------------------------------------------------------------------------------------------------

Clock:39
--------------------------------Status operacoes-------------------------------------
OP    |Fi  |Fj  |Fk  |issue		|read		|Execution	|write		|
ld    |r1  |10 |rb  |		2	|3		|4-4		|5		|
ld    |r2  |-10 |rb  |		6	|7		|8-8		|9		|
ld    |r3  |25 |rb  |		10	|11		|12-12		|13		|
addd  |r10 |r3  |r4  |		11	|14		|15-16		|17		|
muld  |r3  |r4  |r5  |		14	|15		|16-25		|26		|
divd  |r11 |r10 |r3  |		15	|27		|28 - 		|		|
ld    |r10 |25 |rb  |		18	|19		|20-20		|28		|

------------------------Status Unidades Funcionais-------------------------
FU     | Busy	|OP    |Fi  |Fj  |Fk  |Qj       |Qk       |Rj     |Rk     |
Integer|False	|      |    |    |    |         |         |       |       |
Mult1  |False	|      |    |    |    |         |         |       |       |
Mult2  |False	|      |    |    |    |         |         |       |       |
Add    |False	|      |    |    |    |         |         |       |       |
Divide |True	|divd  |r11 |r10 |r3  |         |         |False  |False  |

----------------------------------------------Status Registradores--------------------------------------------------
    |R0     |R1     |R2     |R3     |R4     |R5     |R6     |R7     |R8     |R9     |R10    |R11    |R12    |RB     |
UF  |       |       |       |       |       |       |       |       |       |       |       |Divide |       |       |
--------------------------------------------------------------------------------------------------------------------

Clock:40
--------------------------------Status operacoes-------------------------------------
OP    |Fi  |Fj  |Fk  |issue		|read		|Execution	|write		|
ld    |r1  |10 |rb  |		2	|3		|4-4		|5		|
ld    |r2  |-10 |rb  |		6	|7		|8-8		|9		|
ld    |r3  |25 |rb  |		10	|11		|12-12		|13		|
addd  |r10 |r3  |r4  |		11	|14		|15-16		|17		|
muld  |r3  |r4  |r5  |		14	|15		|16-25		|26		|
divd  |r11 |r10 |r3  |		15	|27		|28 - 		|		|
ld    |r10 |25 |rb  |		18	|19		|20-20		|28		|

------------------------Status Unidades Funcionais-------------------------
FU     | Busy	|OP    |Fi  |Fj  |Fk  |Qj       |Qk       |Rj     |Rk     |
Integer|False	|      |    |    |    |         |         |       |       |
Mult1  |False	|      |    |    |    |         |         |       |       |
Mult2  |False	|      |    |    |    |         |         |       |       |
Add    |False	|      |    |    |    |         |         |       |       |
Divide |True	|divd  |r11 |r10 |r3  |         |         |False  |False  |

----------------------------------------------Status Registradores--------------------------------------------------
    |R0     |R1     |R2     |R3     |R4     |R5     |R6     |R7     |R8     |R9     |R10    |R11    |R12    |RB     |
UF  |       |       |       |       |       |       |       |       |       |       |       |Divide |       |       |
--------------------------------------------------------------------------------------------------------------------

Clock:41
--------------------------------Status operacoes-------------------------------------
OP    |Fi  |Fj  |Fk  |issue		|read		|Execution	|write		|
ld    |r1  |10 |rb  |		2	|3		|4-4		|5		|
ld    |r2  |-10 |rb  |		6	|7		|8-8		|9		|
ld    |r3  |25 |rb  |		10	|11		|12-12		|13		|
addd  |r10 |r3  |r4  |		11	|14		|15-16		|17		|
muld  |r3  |r4  |r5  |		14	|15		|16-25		|26		|
divd  |r11 |r10 |r3  |		15	|27		|28 - 		|		|
ld    |r10 |25 |rb  |		18	|19		|20-20		|28		|

------------------------Status Unidades Funcionais-------------------------
FU     | Busy	|OP    |Fi  |Fj  |Fk  |Qj       |Qk       |Rj     |Rk     |
Integer|False	|      |    |    |    |         |         |       |       |
Mult1  |False	|      |    |    |    |         |         |       |       |
Mult2  |False	|      |    |    |    |         |         |       |       |
Add    |False	|      |    |    |    |         |         |       |       |
Divide |True	|divd  |r11 |r10 |r3  |         |         |False  |False  |

----------------------------------------------Status Registradores--------------------------------------------------
    |R0     |R1     |R2     |R3     |R4     |R5     |R6     |R7     |R8     |R9     |R10    |R11    |R12    |RB     |
UF  |       |       |       |       |       |       |       |       |       |       |       |Divide |       |       |
--------------------------------------------------------------------------------------------------------------------

Clock:42
--------------------------------Status operacoes-------------------------------------
OP    |Fi  |Fj  |Fk  |issue		|read		|Execution	|write		|
ld    |r1  |10 |rb  |		2	|3		|4-4		|5		|
ld    |r2  |-10 |rb  |		6	|7		|8-8		|9		|
ld    |r3  |25 |rb  |		10	|11		|12-12		|13		|
addd  |r10 |r3  |r4  |		11	|14		|15-16		|17		|
muld  |r3  |r4  |r5  |		14	|15		|16-25		|26		|
divd  |r11 |r10 |r3  |		15	|27		|28 - 		|		|
ld    |r10 |25 |rb  |		18	|19		|20-20		|28		|

------------------------Status Unidades Funcionais-------------------------
FU     | Busy	|OP    |Fi  |Fj  |Fk  |Qj       |Qk       |Rj     |Rk     |
Integer|False	|      |    |    |    |         |         |       |       |
Mult1  |False	|      |    |    |    |         |         |       |       |
Mult2  |False	|      |    |    |    |         |         |       |       |
Add    |False	|      |    |    |    |         |         |       |       |
Divide |True	|divd  |r11 |r10 |r3  |         |         |False  |False  |

----------------------------------------------Status Registradores--------------------------------------------------
    |R0     |R1     |R2     |R3     |R4     |R5     |R6     |R7     |R8     |R9     |R10    |R11    |R12    |RB     |
UF  |       |       |       |       |       |       |       |       |       |       |       |Divide |       |       |
--------------------------------------------------------------------------------------------------------------------

Clock:43
--------------------------------Status operacoes-------------------------------------
OP    |Fi  |Fj  |Fk  |issue		|read		|Execution	|write		|
ld    |r1  |10 |rb  |		2	|3		|4-4		|5		|
ld    |r2  |-10 |rb  |		6	|7		|8-8		|9		|
ld    |r3  |25 |rb  |		10	|11		|12-12		|13		|
addd  |r10 |r3  |r4  |		11	|14		|15-16		|17		|
muld  |r3  |r4  |r5  |		14	|15		|16-25		|26		|
divd  |r11 |r10 |r3  |		15	|27		|28 - 		|		|
ld    |r10 |25 |rb  |		18	|19		|20-20		|28		|

------------------------Status Unidades Funcionais-------------------------
FU     | Busy	|OP    |Fi  |Fj  |Fk  |Qj       |Qk       |Rj     |Rk     |
Integer|False	|      |    |    |    |         |         |       |       |
Mult1  |False	|      |    |    |    |         |         |       |       |
Mult2  |False	|      |    |    |    |         |         |       |       |
Add    |False	|      |    |    |    |         |         |       |       |
Divide |True	|divd  |r11 |r10 |r3  |         |         |False  |False  |

----------------------------------------------Status Registradores--------------------------------------------------
    |R0     |R1     |R2     |R3     |R4     |R5     |R6     |R7     |R8     |R9     |R10    |R11    |R12    |RB     |
UF  |       |       |       |       |       |       |       |       |       |       |       |Divide |       |       |
--------------------------------------------------------------------------------------------------------------------

Clock:44
--------------------------------Status operacoes-------------------------------------
OP    |Fi  |Fj  |Fk  |issue		|read		|Execution	|write		|
ld    |r1  |10 |rb  |		2	|3		|4-4		|5		|
ld    |r2  |-10 |rb  |		6	|7		|8-8		|9		|
ld    |r3  |25 |rb  |		10	|11		|12-12		|13		|
addd  |r10 |r3  |r4  |		11	|14		|15-16		|17		|
muld  |r3  |r4  |r5  |		14	|15		|16-25		|26		|
divd  |r11 |r10 |r3  |		15	|27		|28 - 		|		|
ld    |r10 |25 |rb  |		18	|19		|20-20		|28		|

------------------------Status Unidades Funcionais-------------------------
FU     | Busy	|OP    |Fi  |Fj  |Fk  |Qj       |Qk       |Rj     |Rk     |
Integer|False	|      |    |    |    |         |         |       |       |
Mult1  |False	|      |    |    |    |         |         |       |       |
Mult2  |False	|      |    |    |    |         |         |       |       |
Add    |False	|      |    |    |    |         |         |       |       |
Divide |True	|divd  |r11 |r10 |r3  |         |         |False  |False  |

----------------------------------------------Status Registradores--------------------------------------------------
    |R0     |R1     |R2     |R3     |R4     |R5     |R6     |R7     |R8     |R9     |R10    |R11    |R12    |RB     |
UF  |       |       |       |       |       |       |       |       |       |       |       |Divide |       |       |
--------------------------------------------------------------------------------------------------------------------

Clock:45
--------------------------------Status operacoes-------------------------------------
OP    |Fi  |Fj  |Fk  |issue		|read		|Execution	|write		|
ld    |r1  |10 |rb  |		2	|3		|4-4		|5		|
ld    |r2  |-10 |rb  |		6	|7		|8-8		|9		|
ld    |r3  |25 |rb  |		10	|11		|12-12		|13		|
addd  |r10 |r3  |r4  |		11	|14		|15-16		|17		|
muld  |r3  |r4  |r5  |		14	|15		|16-25		|26		|
divd  |r11 |r10 |r3  |		15	|27		|28 - 		|		|
ld    |r10 |25 |rb  |		18	|19		|20-20		|28		|

------------------------Status Unidades Funcionais-------------------------
FU     | Busy	|OP    |Fi  |Fj  |Fk  |Qj       |Qk       |Rj     |Rk     |
Integer|False	|      |    |    |    |         |         |       |       |
Mult1  |False	|      |    |    |    |         |         |       |       |
Mult2  |False	|      |    |    |    |         |         |       |       |
Add    |False	|      |    |    |    |         |         |       |       |
Divide |True	|divd  |r11 |r10 |r3  |         |         |False  |False  |

----------------------------------------------Status Registradores--------------------------------------------------
    |R0     |R1     |R2     |R3     |R4     |R5     |R6     |R7     |R8     |R9     |R10    |R11    |R12    |RB     |
UF  |       |       |       |       |       |       |       |       |       |       |       |Divide |       |       |
--------------------------------------------------------------------------------------------------------------------

Clock:46
--------------------------------Status operacoes-------------------------------------
OP    |Fi  |Fj  |Fk  |issue		|read		|Execution	|write		|
ld    |r1  |10 |rb  |		2	|3		|4-4		|5		|
ld    |r2  |-10 |rb  |		6	|7		|8-8		|9		|
ld    |r3  |25 |rb  |		10	|11		|12-12		|13		|
addd  |r10 |r3  |r4  |		11	|14		|15-16		|17		|
muld  |r3  |r4  |r5  |		14	|15		|16-25		|26		|
divd  |r11 |r10 |r3  |		15	|27		|28 - 		|		|
ld    |r10 |25 |rb  |		18	|19		|20-20		|28		|

------------------------Status Unidades Funcionais-------------------------
FU     | Busy	|OP    |Fi  |Fj  |Fk  |Qj       |Qk       |Rj     |Rk     |
Integer|False	|      |    |    |    |         |         |       |       |
Mult1  |False	|      |    |    |    |         |         |       |       |
Mult2  |False	|      |    |    |    |         |         |       |       |
Add    |False	|      |    |    |    |         |         |       |       |
Divide |True	|divd  |r11 |r10 |r3  |         |         |False  |False  |

----------------------------------------------Status Registradores--------------------------------------------------
    |R0     |R1     |R2     |R3     |R4     |R5     |R6     |R7     |R8     |R9     |R10    |R11    |R12    |RB     |
UF  |       |       |       |       |       |       |       |       |       |       |       |Divide |       |       |
--------------------------------------------------------------------------------------------------------------------

Clock:47
--------------------------------Status operacoes-------------------------------------
OP    |Fi  |Fj  |Fk  |issue		|read		|Execution	|write		|
ld    |r1  |10 |rb  |		2	|3		|4-4		|5		|
ld    |r2  |-10 |rb  |		6	|7		|8-8		|9		|
ld    |r3  |25 |rb  |		10	|11		|12-12		|13		|
addd  |r10 |r3  |r4  |		11	|14		|15-16		|17		|
muld  |r3  |r4  |r5  |		14	|15		|16-25		|26		|
divd  |r11 |r10 |r3  |		15	|27		|28 - 		|		|
ld    |r10 |25 |rb  |		18	|19		|20-20		|28		|

------------------------Status Unidades Funcionais-------------------------
FU     | Busy	|OP    |Fi  |Fj  |Fk  |Qj       |Qk       |Rj     |Rk     |
Integer|False	|      |    |    |    |         |         |       |       |
Mult1  |False	|      |    |    |    |         |         |       |       |
Mult2  |False	|      |    |    |    |         |         |       |       |
Add    |False	|      |    |    |    |         |         |       |       |
Divide |True	|divd  |r11 |r10 |r3  |         |         |False  |False  |

----------------------------------------------Status Registradores--------------------------------------------------
    |R0     |R1     |R2     |R3     |R4     |R5     |R6     |R7     |R8     |R9     |R10    |R11    |R12    |RB     |
UF  |       |       |       |       |       |       |       |       |       |       |       |Divide |       |       |
--------------------------------------------------------------------------------------------------------------------

Clock:48
--------------------------------Status operacoes-------------------------------------
OP    |Fi  |Fj  |Fk  |issue		|read		|Execution	|write		|
ld    |r1  |10 |rb  |		2	|3		|4-4		|5		|
ld    |r2  |-10 |rb  |		6	|7		|8-8		|9		|
ld    |r3  |25 |rb  |		10	|11		|12-12		|13		|
addd  |r10 |r3  |r4  |		11	|14		|15-16		|17		|
muld  |r3  |r4  |r5  |		14	|15		|16-25		|26		|
divd  |r11 |r10 |r3  |		15	|27		|28 - 		|		|
ld    |r10 |25 |rb  |		18	|19		|20-20		|28		|

------------------------Status Unidades Funcionais-------------------------
FU     | Busy	|OP    |Fi  |Fj  |Fk  |Qj       |Qk       |Rj     |Rk     |
Integer|False	|      |    |    |    |         |         |       |       |
Mult1  |False	|      |    |    |    |         |         |       |       |
Mult2  |False	|      |    |    |    |         |         |       |       |
Add    |False	|      |    |    |    |         |         |       |       |
Divide |True	|divd  |r11 |r10 |r3  |         |         |False  |False  |

----------------------------------------------Status Registradores--------------------------------------------------
    |R0     |R1     |R2     |R3     |R4     |R5     |R6     |R7     |R8     |R9     |R10    |R11    |R12    |RB     |
UF  |       |       |       |       |       |       |       |       |       |       |       |Divide |       |       |
--------------------------------------------------------------------------------------------------------------------

Clock:49
--------------------------------Status operacoes-------------------------------------
OP    |Fi  |Fj  |Fk  |issue		|read		|Execution	|write		|
ld    |r1  |10 |rb  |		2	|3		|4-4		|5		|
ld    |r2  |-10 |rb  |		6	|7		|8-8		|9		|
ld    |r3  |25 |rb  |		10	|11		|12-12		|13		|
addd  |r10 |r3  |r4  |		11	|14		|15-16		|17		|
muld  |r3  |r4  |r5  |		14	|15		|16-25		|26		|
divd  |r11 |r10 |r3  |		15	|27		|28 - 		|		|
ld    |r10 |25 |rb  |		18	|19		|20-20		|28		|

------------------------Status Unidades Funcionais-------------------------
FU     | Busy	|OP    |Fi  |Fj  |Fk  |Qj       |Qk       |Rj     |Rk     |
Integer|False	|      |    |    |    |         |         |       |       |
Mult1  |False	|      |    |    |    |         |         |       |       |
Mult2  |False	|      |    |    |    |         |         |       |       |
Add    |False	|      |    |    |    |         |         |       |       |
Divide |True	|divd  |r11 |r10 |r3  |         |         |False  |False  |

----------------------------------------------Status Registradores--------------------------------------------------
    |R0     |R1     |R2     |R3     |R4     |R5     |R6     |R7     |R8     |R9     |R10    |R11    |R12    |RB     |
UF  |       |       |       |       |       |       |       |       |       |       |       |Divide |       |       |
--------------------------------------------------------------------------------------------------------------------

Clock:50
--------------------------------Status operacoes-------------------------------------
OP    |Fi  |Fj  |Fk  |issue		|read		|Execution	|write		|
ld    |r1  |10 |rb  |		2	|3		|4-4		|5		|
ld    |r2  |-10 |rb  |		6	|7		|8-8		|9		|
ld    |r3  |25 |rb  |		10	|11		|12-12		|13		|
addd  |r10 |r3  |r4  |		11	|14		|15-16		|17		|
muld  |r3  |r4  |r5  |		14	|15		|16-25		|26		|
divd  |r11 |r10 |r3  |		15	|27		|28 - 		|		|
ld    |r10 |25 |rb  |		18	|19		|20-20		|28		|

------------------------Status Unidades Funcionais-------------------------
FU     | Busy	|OP    |Fi  |Fj  |Fk  |Qj       |Qk       |Rj     |Rk     |
Integer|False	|      |    |    |    |         |         |       |       |
Mult1  |False	|      |    |    |    |         |         |       |       |
Mult2  |False	|      |    |    |    |         |         |       |       |
Add    |False	|      |    |    |    |         |         |       |       |
Divide |True	|divd  |r11 |r10 |r3  |         |         |False  |False  |

----------------------------------------------Status Registradores--------------------------------------------------
    |R0     |R1     |R2     |R3     |R4     |R5     |R6     |R7     |R8     |R9     |R10    |R11    |R12    |RB     |
UF  |       |       |       |       |       |       |       |       |       |       |       |Divide |       |       |
--------------------------------------------------------------------------------------------------------------------

Clock:51
--------------------------------Status operacoes-------------------------------------
OP    |Fi  |Fj  |Fk  |issue		|read		|Execution	|write		|
ld    |r1  |10 |rb  |		2	|3		|4-4		|5		|
ld    |r2  |-10 |rb  |		6	|7		|8-8		|9		|
ld    |r3  |25 |rb  |		10	|11		|12-12		|13		|
addd  |r10 |r3  |r4  |		11	|14		|15-16		|17		|
muld  |r3  |r4  |r5  |		14	|15		|16-25		|26		|
divd  |r11 |r10 |r3  |		15	|27		|28 - 		|		|
ld    |r10 |25 |rb  |		18	|19		|20-20		|28		|

------------------------Status Unidades Funcionais-------------------------
FU     | Busy	|OP    |Fi  |Fj  |Fk  |Qj       |Qk       |Rj     |Rk     |
Integer|False	|      |    |    |    |         |         |       |       |
Mult1  |False	|      |    |    |    |         |         |       |       |
Mult2  |False	|      |    |    |    |         |         |       |       |
Add    |False	|      |    |    |    |         |         |       |       |
Divide |True	|divd  |r11 |r10 |r3  |         |         |False  |False  |

----------------------------------------------Status Registradores--------------------------------------------------
    |R0     |R1     |R2     |R3     |R4     |R5     |R6     |R7     |R8     |R9     |R10    |R11    |R12    |RB     |
UF  |       |       |       |       |       |       |       |       |       |       |       |Divide |       |       |
--------------------------------------------------------------------------------------------------------------------

Clock:52
--------------------------------Status operacoes-------------------------------------
OP    |Fi  |Fj  |Fk  |issue		|read		|Execution	|write		|
ld    |r1  |10 |rb  |		2	|3		|4-4		|5		|
ld    |r2  |-10 |rb  |		6	|7		|8-8		|9		|
ld    |r3  |25 |rb  |		10	|11		|12-12		|13		|
addd  |r10 |r3  |r4  |		11	|14		|15-16		|17		|
muld  |r3  |r4  |r5  |		14	|15		|16-25		|26		|
divd  |r11 |r10 |r3  |		15	|27		|28 - 		|		|
ld    |r10 |25 |rb  |		18	|19		|20-20		|28		|

------------------------Status Unidades Funcionais-------------------------
FU     | Busy	|OP    |Fi  |Fj  |Fk  |Qj       |Qk       |Rj     |Rk     |
Integer|False	|      |    |    |    |         |         |       |       |
Mult1  |False	|      |    |    |    |         |         |       |       |
Mult2  |False	|      |    |    |    |         |         |       |       |
Add    |False	|      |    |    |    |         |         |       |       |
Divide |True	|divd  |r11 |r10 |r3  |         |         |False  |False  |

----------------------------------------------Status Registradores--------------------------------------------------
    |R0     |R1     |R2     |R3     |R4     |R5     |R6     |R7     |R8     |R9     |R10    |R11    |R12    |RB     |
UF  |       |       |       |       |       |       |       |       |       |       |       |Divide |       |       |
--------------------------------------------------------------------------------------------------------------------

Clock:53
--------------------------------Status operacoes-------------------------------------
OP    |Fi  |Fj  |Fk  |issue		|read		|Execution	|write		|
ld    |r1  |10 |rb  |		2	|3		|4-4		|5		|
ld    |r2  |-10 |rb  |		6	|7		|8-8		|9		|
ld    |r3  |25 |rb  |		10	|11		|12-12		|13		|
addd  |r10 |r3  |r4  |		11	|14		|15-16		|17		|
muld  |r3  |r4  |r5  |		14	|15		|16-25		|26		|
divd  |r11 |r10 |r3  |		15	|27		|28 - 		|		|
ld    |r10 |25 |rb  |		18	|19		|20-20		|28		|

------------------------Status Unidades Funcionais-------------------------
FU     | Busy	|OP    |Fi  |Fj  |Fk  |Qj       |Qk       |Rj     |Rk     |
Integer|False	|      |    |    |    |         |         |       |       |
Mult1  |False	|      |    |    |    |         |         |       |       |
Mult2  |False	|      |    |    |    |         |         |       |       |
Add    |False	|      |    |    |    |         |         |       |       |
Divide |True	|divd  |r11 |r10 |r3  |         |         |False  |False  |

----------------------------------------------Status Registradores--------------------------------------------------
    |R0     |R1     |R2     |R3     |R4     |R5     |R6     |R7     |R8     |R9     |R10    |R11    |R12    |RB     |
UF  |       |       |       |       |       |       |       |       |       |       |       |Divide |       |       |
--------------------------------------------------------------------------------------------------------------------

Clock:54
--------------------------------Status operacoes-------------------------------------
OP    |Fi  |Fj  |Fk  |issue		|read		|Execution	|write		|
ld    |r1  |10 |rb  |		2	|3		|4-4		|5		|
ld    |r2  |-10 |rb  |		6	|7		|8-8		|9		|
ld    |r3  |25 |rb  |		10	|11		|12-12		|13		|
addd  |r10 |r3  |r4  |		11	|14		|15-16		|17		|
muld  |r3  |r4  |r5  |		14	|15		|16-25		|26		|
divd  |r11 |r10 |r3  |		15	|27		|28 - 		|		|
ld    |r10 |25 |rb  |		18	|19		|20-20		|28		|

------------------------Status Unidades Funcionais-------------------------
FU     | Busy	|OP    |Fi  |Fj  |Fk  |Qj       |Qk       |Rj     |Rk     |
Integer|False	|      |    |    |    |         |         |       |       |
Mult1  |False	|      |    |    |    |         |         |       |       |
Mult2  |False	|      |    |    |    |         |         |       |       |
Add    |False	|      |    |    |    |         |         |       |       |
Divide |True	|divd  |r11 |r10 |r3  |         |         |False  |False  |

----------------------------------------------Status Registradores--------------------------------------------------
    |R0     |R1     |R2     |R3     |R4     |R5     |R6     |R7     |R8     |R9     |R10    |R11    |R12    |RB     |
UF  |       |       |       |       |       |       |       |       |       |       |       |Divide |       |       |
--------------------------------------------------------------------------------------------------------------------

Clock:55
--------------------------------Status operacoes-------------------------------------
OP    |Fi  |Fj  |Fk  |issue		|read		|Execution	|write		|
ld    |r1  |10 |rb  |		2	|3		|4-4		|5		|
ld    |r2  |-10 |rb  |		6	|7		|8-8		|9		|
ld    |r3  |25 |rb  |		10	|11		|12-12		|13		|
addd  |r10 |r3  |r4  |		11	|14		|15-16		|17		|
muld  |r3  |r4  |r5  |		14	|15		|16-25		|26		|
divd  |r11 |r10 |r3  |		15	|27		|28 - 		|		|
ld    |r10 |25 |rb  |		18	|19		|20-20		|28		|

------------------------Status Unidades Funcionais-------------------------
FU     | Busy	|OP    |Fi  |Fj  |Fk  |Qj       |Qk       |Rj     |Rk     |
Integer|False	|      |    |    |    |         |         |       |       |
Mult1  |False	|      |    |    |    |         |         |       |       |
Mult2  |False	|      |    |    |    |         |         |       |       |
Add    |False	|      |    |    |    |         |         |       |       |
Divide |True	|divd  |r11 |r10 |r3  |         |         |False  |False  |

----------------------------------------------Status Registradores--------------------------------------------------
    |R0     |R1     |R2     |R3     |R4     |R5     |R6     |R7     |R8     |R9     |R10    |R11    |R12    |RB     |
UF  |       |       |       |       |       |       |       |       |       |       |       |Divide |       |       |
--------------------------------------------------------------------------------------------------------------------

Clock:56
--------------------------------Status operacoes-------------------------------------
OP    |Fi  |Fj  |Fk  |issue		|read		|Execution	|write		|
ld    |r1  |10 |rb  |		2	|3		|4-4		|5		|
ld    |r2  |-10 |rb  |		6	|7		|8-8		|9		|
ld    |r3  |25 |rb  |		10	|11		|12-12		|13		|
addd  |r10 |r3  |r4  |		11	|14		|15-16		|17		|
muld  |r3  |r4  |r5  |		14	|15		|16-25		|26		|
divd  |r11 |r10 |r3  |		15	|27		|28 - 		|		|
ld    |r10 |25 |rb  |		18	|19		|20-20		|28		|

------------------------Status Unidades Funcionais-------------------------
FU     | Busy	|OP    |Fi  |Fj  |Fk  |Qj       |Qk       |Rj     |Rk     |
Integer|False	|      |    |    |    |         |         |       |       |
Mult1  |False	|      |    |    |    |         |         |       |       |
Mult2  |False	|      |    |    |    |         |         |       |       |
Add    |False	|      |    |    |    |         |         |       |       |
Divide |True	|divd  |r11 |r10 |r3  |         |         |False  |False  |

----------------------------------------------Status Registradores--------------------------------------------------
    |R0     |R1     |R2     |R3     |R4     |R5     |R6     |R7     |R8     |R9     |R10    |R11    |R12    |RB     |
UF  |       |       |       |       |       |       |       |       |       |       |       |Divide |       |       |
--------------------------------------------------------------------------------------------------------------------

Clock:57
--------------------------------Status operacoes-------------------------------------
OP    |Fi  |Fj  |Fk  |issue		|read		|Execution	|write		|
ld    |r1  |10 |rb  |		2	|3		|4-4		|5		|
ld    |r2  |-10 |rb  |		6	|7		|8-8		|9		|
ld    |r3  |25 |rb  |		10	|11		|12-12		|13		|
addd  |r10 |r3  |r4  |		11	|14		|15-16		|17		|
muld  |r3  |r4  |r5  |		14	|15		|16-25		|26		|
divd  |r11 |r10 |r3  |		15	|27		|28 - 		|		|
ld    |r10 |25 |rb  |		18	|19		|20-20		|28		|

------------------------Status Unidades Funcionais-------------------------
FU     | Busy	|OP    |Fi  |Fj  |Fk  |Qj       |Qk       |Rj     |Rk     |
Integer|False	|      |    |    |    |         |         |       |       |
Mult1  |False	|      |    |    |    |         |         |       |       |
Mult2  |False	|      |    |    |    |         |         |       |       |
Add    |False	|      |    |    |    |         |         |       |       |
Divide |True	|divd  |r11 |r10 |r3  |         |         |False  |False  |

----------------------------------------------Status Registradores--------------------------------------------------
    |R0     |R1     |R2     |R3     |R4     |R5     |R6     |R7     |R8     |R9     |R10    |R11    |R12    |RB     |
UF  |       |       |       |       |       |       |       |       |       |       |       |Divide |       |       |
--------------------------------------------------------------------------------------------------------------------

Clock:58
--------------------------------Status operacoes-------------------------------------
OP    |Fi  |Fj  |Fk  |issue		|read		|Execution	|write		|
ld    |r1  |10 |rb  |		2	|3		|4-4		|5		|
ld    |r2  |-10 |rb  |		6	|7		|8-8		|9		|
ld    |r3  |25 |rb  |		10	|11		|12-12		|13		|
addd  |r10 |r3  |r4  |		11	|14		|15-16		|17		|
muld  |r3  |r4  |r5  |		14	|15		|16-25		|26		|
divd  |r11 |r10 |r3  |		15	|27		|28 - 		|		|
ld    |r10 |25 |rb  |		18	|19		|20-20		|28		|

------------------------Status Unidades Funcionais-------------------------
FU     | Busy	|OP    |Fi  |Fj  |Fk  |Qj       |Qk       |Rj     |Rk     |
Integer|False	|      |    |    |    |         |         |       |       |
Mult1  |False	|      |    |    |    |         |         |       |       |
Mult2  |False	|      |    |    |    |         |         |       |       |
Add    |False	|      |    |    |    |         |         |       |       |
Divide |True	|divd  |r11 |r10 |r3  |         |         |False  |False  |

----------------------------------------------Status Registradores--------------------------------------------------
    |R0     |R1     |R2     |R3     |R4     |R5     |R6     |R7     |R8     |R9     |R10    |R11    |R12    |RB     |
UF  |       |       |       |       |       |       |       |       |       |       |       |Divide |       |       |
--------------------------------------------------------------------------------------------------------------------

Clock:59
--------------------------------Status operacoes-------------------------------------
OP    |Fi  |Fj  |Fk  |issue		|read		|Execution	|write		|
ld    |r1  |10 |rb  |		2	|3		|4-4		|5		|
ld    |r2  |-10 |rb  |		6	|7		|8-8		|9		|
ld    |r3  |25 |rb  |		10	|11		|12-12		|13		|
addd  |r10 |r3  |r4  |		11	|14		|15-16		|17		|
muld  |r3  |r4  |r5  |		14	|15		|16-25		|26		|
divd  |r11 |r10 |r3  |		15	|27		|28 - 		|		|
ld    |r10 |25 |rb  |		18	|19		|20-20		|28		|

------------------------Status Unidades Funcionais-------------------------
FU     | Busy	|OP    |Fi  |Fj  |Fk  |Qj       |Qk       |Rj     |Rk     |
Integer|False	|      |    |    |    |         |         |       |       |
Mult1  |False	|      |    |    |    |         |         |       |       |
Mult2  |False	|      |    |    |    |         |         |       |       |
Add    |False	|      |    |    |    |         |         |       |       |
Divide |True	|divd  |r11 |r10 |r3  |         |         |False  |False  |

----------------------------------------------Status Registradores--------------------------------------------------
    |R0     |R1     |R2     |R3     |R4     |R5     |R6     |R7     |R8     |R9     |R10    |R11    |R12    |RB     |
UF  |       |       |       |       |       |       |       |       |       |       |       |Divide |       |       |
--------------------------------------------------------------------------------------------------------------------

Clock:60
--------------------------------Status operacoes-------------------------------------
OP    |Fi  |Fj  |Fk  |issue		|read		|Execution	|write		|
ld    |r1  |10 |rb  |		2	|3		|4-4		|5		|
ld    |r2  |-10 |rb  |		6	|7		|8-8		|9		|
ld    |r3  |25 |rb  |		10	|11		|12-12		|13		|
addd  |r10 |r3  |r4  |		11	|14		|15-16		|17		|
muld  |r3  |r4  |r5  |		14	|15		|16-25		|26		|
divd  |r11 |r10 |r3  |		15	|27		|28 - 		|		|
ld    |r10 |25 |rb  |		18	|19		|20-20		|28		|

------------------------Status Unidades Funcionais-------------------------
FU     | Busy	|OP    |Fi  |Fj  |Fk  |Qj       |Qk       |Rj     |Rk     |
Integer|False	|      |    |    |    |         |         |       |       |
Mult1  |False	|      |    |    |    |         |         |       |       |
Mult2  |False	|      |    |    |    |         |         |       |       |
Add    |False	|      |    |    |    |         |         |       |       |
Divide |True	|divd  |r11 |r10 |r3  |         |         |False  |False  |

----------------------------------------------Status Registradores--------------------------------------------------
    |R0     |R1     |R2     |R3     |R4     |R5     |R6     |R7     |R8     |R9     |R10    |R11    |R12    |RB     |
UF  |       |       |       |       |       |       |       |       |       |       |       |Divide |       |       |
--------------------------------------------------------------------------------------------------------------------

Clock:61
--------------------------------Status operacoes-------------------------------------
OP    |Fi  |Fj  |Fk  |issue		|read		|Execution	|write		|
ld    |r1  |10 |rb  |		2	|3		|4-4		|5		|
ld    |r2  |-10 |rb  |		6	|7		|8-8		|9		|
ld    |r3  |25 |rb  |		10	|11		|12-12		|13		|
addd  |r10 |r3  |r4  |		11	|14		|15-16		|17		|
muld  |r3  |r4  |r5  |		14	|15		|16-25		|26		|
divd  |r11 |r10 |r3  |		15	|27		|28 - 		|		|
ld    |r10 |25 |rb  |		18	|19		|20-20		|28		|

------------------------Status Unidades Funcionais-------------------------
FU     | Busy	|OP    |Fi  |Fj  |Fk  |Qj       |Qk       |Rj     |Rk     |
Integer|False	|      |    |    |    |         |         |       |       |
Mult1  |False	|      |    |    |    |         |         |       |       |
Mult2  |False	|      |    |    |    |         |         |       |       |
Add    |False	|      |    |    |    |         |         |       |       |
Divide |True	|divd  |r11 |r10 |r3  |         |         |False  |False  |

----------------------------------------------Status Registradores--------------------------------------------------
    |R0     |R1     |R2     |R3     |R4     |R5     |R6     |R7     |R8     |R9     |R10    |R11    |R12    |RB     |
UF  |       |       |       |       |       |       |       |       |       |       |       |Divide |       |       |
--------------------------------------------------------------------------------------------------------------------

Clock:62
--------------------------------Status operacoes-------------------------------------
OP    |Fi  |Fj  |Fk  |issue		|read		|Execution	|write		|
ld    |r1  |10 |rb  |		2	|3		|4-4		|5		|
ld    |r2  |-10 |rb  |		6	|7		|8-8		|9		|
ld    |r3  |25 |rb  |		10	|11		|12-12		|13		|
addd  |r10 |r3  |r4  |		11	|14		|15-16		|17		|
muld  |r3  |r4  |r5  |		14	|15		|16-25		|26		|
divd  |r11 |r10 |r3  |		15	|27		|28 - 		|		|
ld    |r10 |25 |rb  |		18	|19		|20-20		|28		|

------------------------Status Unidades Funcionais-------------------------
FU     | Busy	|OP    |Fi  |Fj  |Fk  |Qj       |Qk       |Rj     |Rk     |
Integer|False	|      |    |    |    |         |         |       |       |
Mult1  |False	|      |    |    |    |         |         |       |       |
Mult2  |False	|      |    |    |    |         |         |       |       |
Add    |False	|      |    |    |    |         |         |       |       |
Divide |True	|divd  |r11 |r10 |r3  |         |         |False  |False  |

----------------------------------------------Status Registradores--------------------------------------------------
    |R0     |R1     |R2     |R3     |R4     |R5     |R6     |R7     |R8     |R9     |R10    |R11    |R12    |RB     |
UF  |       |       |       |       |       |       |       |       |       |       |       |Divide |       |       |
--------------------------------------------------------------------------------------------------------------------

Clock:63
--------------------------------Status operacoes-------------------------------------
OP    |Fi  |Fj  |Fk  |issue		|read		|Execution	|write		|
ld    |r1  |10 |rb  |		2	|3		|4-4		|5		|
ld    |r2  |-10 |rb  |		6	|7		|8-8		|9		|
ld    |r3  |25 |rb  |		10	|11		|12-12		|13		|
addd  |r10 |r3  |r4  |		11	|14		|15-16		|17		|
muld  |r3  |r4  |r5  |		14	|15		|16-25		|26		|
divd  |r11 |r10 |r3  |		15	|27		|28 - 		|		|
ld    |r10 |25 |rb  |		18	|19		|20-20		|28		|

------------------------Status Unidades Funcionais-------------------------
FU     | Busy	|OP    |Fi  |Fj  |Fk  |Qj       |Qk       |Rj     |Rk     |
Integer|False	|      |    |    |    |         |         |       |       |
Mult1  |False	|      |    |    |    |         |         |       |       |
Mult2  |False	|      |    |    |    |         |         |       |       |
Add    |False	|      |    |    |    |         |         |       |       |
Divide |True	|divd  |r11 |r10 |r3  |         |         |False  |False  |

----------------------------------------------Status Registradores--------------------------------------------------
    |R0     |R1     |R2     |R3     |R4     |R5     |R6     |R7     |R8     |R9     |R10    |R11    |R12    |RB     |
UF  |       |       |       |       |       |       |       |       |       |       |       |Divide |       |       |
--------------------------------------------------------------------------------------------------------------------

Clock:64
--------------------------------Status operacoes-------------------------------------
OP    |Fi  |Fj  |Fk  |issue		|read		|Execution	|write		|
ld    |r1  |10 |rb  |		2	|3		|4-4		|5		|
ld    |r2  |-10 |rb  |		6	|7		|8-8		|9		|
ld    |r3  |25 |rb  |		10	|11		|12-12		|13		|
addd  |r10 |r3  |r4  |		11	|14		|15-16		|17		|
muld  |r3  |r4  |r5  |		14	|15		|16-25		|26		|
divd  |r11 |r10 |r3  |		15	|27		|28 - 		|		|
ld    |r10 |25 |rb  |		18	|19		|20-20		|28		|

------------------------Status Unidades Funcionais-------------------------
FU     | Busy	|OP    |Fi  |Fj  |Fk  |Qj       |Qk       |Rj     |Rk     |
Integer|False	|      |    |    |    |         |         |       |       |
Mult1  |False	|      |    |    |    |         |         |       |       |
Mult2  |False	|      |    |    |    |         |         |       |       |
Add    |False	|      |    |    |    |         |         |       |       |
Divide |True	|divd  |r11 |r10 |r3  |         |         |False  |False  |

----------------------------------------------Status Registradores--------------------------------------------------
    |R0     |R1     |R2     |R3     |R4     |R5     |R6     |R7     |R8     |R9     |R10    |R11    |R12    |RB     |
UF  |       |       |       |       |       |       |       |       |       |       |       |Divide |       |       |
--------------------------------------------------------------------------------------------------------------------

Clock:65
--------------------------------Status operacoes-------------------------------------
OP    |Fi  |Fj  |Fk  |issue		|read		|Execution	|write		|
ld    |r1  |10 |rb  |		2	|3		|4-4		|5		|
ld    |r2  |-10 |rb  |		6	|7		|8-8		|9		|
ld    |r3  |25 |rb  |		10	|11		|12-12		|13		|
addd  |r10 |r3  |r4  |		11	|14		|15-16		|17		|
muld  |r3  |r4  |r5  |		14	|15		|16-25		|26		|
divd  |r11 |r10 |r3  |		15	|27		|28 - 		|		|
ld    |r10 |25 |rb  |		18	|19		|20-20		|28		|

------------------------Status Unidades Funcionais-------------------------
FU     | Busy	|OP    |Fi  |Fj  |Fk  |Qj       |Qk       |Rj     |Rk     |
Integer|False	|      |    |    |    |         |         |       |       |
Mult1  |False	|      |    |    |    |         |         |       |       |
Mult2  |False	|      |    |    |    |         |         |       |       |
Add    |False	|      |    |    |    |         |         |       |       |
Divide |True	|divd  |r11 |r10 |r3  |         |         |False  |False  |

----------------------------------------------Status Registradores--------------------------------------------------
    |R0     |R1     |R2     |R3     |R4     |R5     |R6     |R7     |R8     |R9     |R10    |R11    |R12    |RB     |
UF  |       |       |       |       |       |       |       |       |       |       |       |Divide |       |       |
--------------------------------------------------------------------------------------------------------------------

Clock:66
--------------------------------Status operacoes-------------------------------------
OP    |Fi  |Fj  |Fk  |issue		|read		|Execution	|write		|
ld    |r1  |10 |rb  |		2	|3		|4-4		|5		|
ld    |r2  |-10 |rb  |		6	|7		|8-8		|9		|
ld    |r3  |25 |rb  |		10	|11		|12-12		|13		|
addd  |r10 |r3  |r4  |		11	|14		|15-16		|17		|
muld  |r3  |r4  |r5  |		14	|15		|16-25		|26		|
divd  |r11 |r10 |r3  |		15	|27		|28 - 		|		|
ld    |r10 |25 |rb  |		18	|19		|20-20		|28		|

------------------------Status Unidades Funcionais-------------------------
FU     | Busy	|OP    |Fi  |Fj  |Fk  |Qj       |Qk       |Rj     |Rk     |
Integer|False	|      |    |    |    |         |         |       |       |
Mult1  |False	|      |    |    |    |         |         |       |       |
Mult2  |False	|      |    |    |    |         |         |       |       |
Add    |False	|      |    |    |    |         |         |       |       |
Divide |True	|divd  |r11 |r10 |r3  |         |         |False  |False  |

----------------------------------------------Status Registradores--------------------------------------------------
    |R0     |R1     |R2     |R3     |R4     |R5     |R6     |R7     |R8     |R9     |R10    |R11    |R12    |RB     |
UF  |       |       |       |       |       |       |       |       |       |       |       |Divide |       |       |
--------------------------------------------------------------------------------------------------------------------

Clock:67
--------------------------------Status operacoes-------------------------------------
OP    |Fi  |Fj  |Fk  |issue		|read		|Execution	|write		|
ld    |r1  |10 |rb  |		2	|3		|4-4		|5		|
ld    |r2  |-10 |rb  |		6	|7		|8-8		|9		|
ld    |r3  |25 |rb  |		10	|11		|12-12		|13		|
addd  |r10 |r3  |r4  |		11	|14		|15-16		|17		|
muld  |r3  |r4  |r5  |		14	|15		|16-25		|26		|
divd  |r11 |r10 |r3  |		15	|27		|28-67		|		|
ld    |r10 |25 |rb  |		18	|19		|20-20		|28		|

------------------------Status Unidades Funcionais-------------------------
FU     | Busy	|OP    |Fi  |Fj  |Fk  |Qj       |Qk       |Rj     |Rk     |
Integer|False	|      |    |    |    |         |         |       |       |
Mult1  |False	|      |    |    |    |         |         |       |       |
Mult2  |False	|      |    |    |    |         |         |       |       |
Add    |False	|      |    |    |    |         |         |       |       |
Divide |True	|divd  |r11 |r10 |r3  |         |         |False  |False  |

----------------------------------------------Status Registradores--------------------------------------------------
    |R0     |R1     |R2     |R3     |R4     |R5     |R6     |R7     |R8     |R9     |R10    |R11    |R12    |RB     |
UF  |       |       |       |       |       |       |       |       |       |       |       |Divide |       |       |
--------------------------------------------------------------------------------------------------------------------

Clock:68
--------------------------------Status operacoes-------------------------------------
OP    |Fi  |Fj  |Fk  |issue		|read		|Execution	|write		|
ld    |r1  |10 |rb  |		2	|3		|4-4		|5		|
ld    |r2  |-10 |rb  |		6	|7		|8-8		|9		|
ld    |r3  |25 |rb  |		10	|11		|12-12		|13		|
addd  |r10 |r3  |r4  |		11	|14		|15-16		|17		|
muld  |r3  |r4  |r5  |		14	|15		|16-25		|26		|
divd  |r11 |r10 |r3  |		15	|27		|28-67		|68		|
ld    |r10 |25 |rb  |		18	|19		|20-20		|28		|

------------------------Status Unidades Funcionais-------------------------
FU     | Busy	|OP    |Fi  |Fj  |Fk  |Qj       |Qk       |Rj     |Rk     |
Integer|False	|      |    |    |    |         |         |       |       |
Mult1  |False	|      |    |    |    |         |         |       |       |
Mult2  |False	|      |    |    |    |         |         |       |       |
Add    |False	|      |    |    |    |         |         |       |       |
Divide |False	|      |    |    |    |         |         |       |       |

----------------------------------------------Status Registradores--------------------------------------------------
    |R0     |R1     |R2     |R3     |R4     |R5     |R6     |R7     |R8     |R9     |R10    |R11    |R12    |RB     |
UF  |       |       |       |       |       |       |       |       |       |       |       |       |       |       |
--------------------------------------------------------------------------------------------------------------------

Clock:69
--------------------------------Status operacoes-------------------------------------
OP    |Fi  |Fj  |Fk  |issue		|read		|Execution	|write		|
ld    |r1  |10 |rb  |		2	|3		|4-4		|5		|
ld    |r2  |-10 |rb  |		6	|7		|8-8		|9		|
ld    |r3  |25 |rb  |		10	|11		|12-12		|13		|
addd  |r10 |r3  |r4  |		11	|14		|15-16		|17		|
muld  |r3  |r4  |r5  |		14	|15		|16-25		|26		|
divd  |r11 |r10 |r3  |		15	|27		|28-67		|68		|
ld    |r10 |25 |rb  |		18	|19		|20-20		|28		|

------------------------Status Unidades Funcionais-------------------------
FU     | Busy	|OP    |Fi  |Fj  |Fk  |Qj       |Qk       |Rj     |Rk     |
Integer|False	|      |    |    |    |         |         |       |       |
Mult1  |False	|      |    |    |    |         |         |       |       |
Mult2  |False	|      |    |    |    |         |         |       |       |
Add    |False	|      |    |    |    |         |         |       |       |
Divide |False	|      |    |    |    |         |         |       |       |

----------------------------------------------Status Registradores--------------------------------------------------
    |R0     |R1     |R2     |R3     |R4     |R5     |R6     |R7     |R8     |R9     |R10    |R11    |R12    |RB     |
UF  |       |       |       |       |       |       |       |       |       |       |       |       |       |       |
--------------------------------------------------------------------------------------------------------------------

